0 verbose cli /usr/local/Cellar/node@18/18.16.0/bin/node /usr/local/opt/node@18/bin/npm
1 info using npm@9.5.1
2 info using node@v18.16.0
3 timing npm:load:whichnode Completed in 1ms
4 timing config:load:defaults Completed in 3ms
5 timing config:load:file:/usr/local/Cellar/node@18/18.16.0/lib/node_modules/npm/npmrc Completed in 2ms
6 timing config:load:builtin Completed in 2ms
7 timing config:load:cli Completed in 2ms
8 timing config:load:env Completed in 1ms
9 timing config:load:file:/Users/edmondebeid/Development/GolfApp/.npmrc Completed in 0ms
10 timing config:load:project Completed in 3ms
11 timing config:load:file:/Users/edmondebeid/.npmrc Completed in 0ms
12 timing config:load:user Completed in 0ms
13 timing config:load:file:/usr/local/etc/npmrc Completed in 0ms
14 timing config:load:global Completed in 0ms
15 timing config:load:setEnvs Completed in 1ms
16 timing config:load Completed in 13ms
17 timing npm:load:configload Completed in 13ms
18 timing npm:load:mkdirpcache Completed in 0ms
19 timing npm:load:mkdirplogs Completed in 1ms
20 verbose title npm install stripe @stripe/stripe-js
21 verbose argv "install" "--cache" ".npm_cache_temp" "stripe" "@stripe/stripe-js"
22 timing npm:load:setTitle Completed in 10ms
23 timing config:load:flatten Completed in 5ms
24 timing npm:load:display Completed in 7ms
25 verbose logfile logs-max:10 dir:/Users/edmondebeid/Development/GolfApp/.npm_cache_temp/_logs/2026-03-02T04_47_57_670Z-
26 verbose logfile /Users/edmondebeid/Development/GolfApp/.npm_cache_temp/_logs/2026-03-02T04_47_57_670Z-debug-0.log
27 timing npm:load:logFile Completed in 8ms
28 timing npm:load:timers Completed in 0ms
29 timing npm:load:configScope Completed in 0ms
30 timing npm:load Completed in 42ms
31 timing arborist:ctor Completed in 1ms
32 silly logfile done cleaning log files
33 timing idealTree:init Completed in 300ms
34 timing idealTree:userRequests Completed in 4ms
35 silly idealTree buildDeps
36 silly fetch manifest stripe@*
37 verbose shrinkwrap failed to load node_modules/.package-lock.json [Error: EPERM: operation not permitted, stat '/Users/edmondebeid/Development/GolfApp/node_modules'] {
37 verbose shrinkwrap   errno: -1,
37 verbose shrinkwrap   code: 'EPERM',
37 verbose shrinkwrap   syscall: 'stat',
37 verbose shrinkwrap   path: '/Users/edmondebeid/Development/GolfApp/node_modules'
37 verbose shrinkwrap }
38 http fetch GET 200 https://registry.npmjs.org/stripe 190ms (cache miss)
39 silly fetch manifest @types/node@>=16
40 http fetch GET 200 https://registry.npmjs.org/npm 526ms (cache updated)
41 http fetch GET 200 https://registry.npmjs.org/@types%2fnode 98ms (cache miss)
42 silly fetch manifest @stripe/stripe-js@*
43 http fetch GET 200 https://registry.npmjs.org/@stripe%2fstripe-js 66ms (cache miss)
44 silly placeDep ROOT @stripe/stripe-js@8.8.0 OK for: golf-app@1.1.0 want: *
45 silly placeDep ROOT stripe@20.4.0 OK for: golf-app@1.1.0 want: *
46 timing idealTree:#root Completed in 393ms
47 timing idealTree:node_modules/@stripe/stripe-js Completed in 0ms
48 timing idealTree:node_modules/stripe Completed in 0ms
49 timing idealTree:buildDeps Completed in 395ms
50 timing idealTree:fixDepFlags Completed in 4ms
51 timing idealTree Completed in 714ms
52 timing reify:loadTrees Completed in 715ms
53 timing reify:diffTrees Completed in 11ms
54 silly reify moves {}
55 timing reify:retireShallow Completed in 0ms
56 timing reify:createSparse Completed in 27ms
57 timing reify:loadBundles Completed in 0ms
58 silly audit bulk request {
58 silly audit   '@babel/runtime': [ '7.28.6' ],
58 silly audit   '@emnapi/core': [ '1.8.1' ],
58 silly audit   '@emnapi/runtime': [ '1.8.1' ],
58 silly audit   '@emnapi/wasi-threads': [ '1.1.0' ],
58 silly audit   '@eslint-community/eslint-utils': [ '4.9.1' ],
58 silly audit   '@eslint-community/regexpp': [ '4.12.2' ],
58 silly audit   '@eslint/eslintrc': [ '2.1.4' ],
58 silly audit   '@eslint/js': [ '8.57.1' ],
58 silly audit   '@humanwhocodes/config-array': [ '0.13.0' ],
58 silly audit   '@humanwhocodes/module-importer': [ '1.0.1' ],
58 silly audit   '@humanwhocodes/object-schema': [ '2.0.3' ],
58 silly audit   '@napi-rs/wasm-runtime': [ '0.2.12' ],
58 silly audit   '@next-auth/prisma-adapter': [ '1.0.7' ],
58 silly audit   '@next/env': [ '13.5.11' ],
58 silly audit   '@next/eslint-plugin-next': [ '13.5.11' ],
58 silly audit   '@next/swc-darwin-arm64': [ '13.5.9' ],
58 silly audit   '@next/swc-darwin-x64': [ '13.5.9' ],
58 silly audit   '@next/swc-linux-arm64-gnu': [ '13.5.9' ],
58 silly audit   '@next/swc-linux-arm64-musl': [ '13.5.9' ],
58 silly audit   '@next/swc-linux-x64-gnu': [ '13.5.9' ],
58 silly audit   '@next/swc-linux-x64-musl': [ '13.5.9' ],
58 silly audit   '@next/swc-win32-arm64-msvc': [ '13.5.9' ],
58 silly audit   '@next/swc-win32-ia32-msvc': [ '13.5.9' ],
58 silly audit   '@next/swc-win32-x64-msvc': [ '13.5.9' ],
58 silly audit   '@nodelib/fs.scandir': [ '2.1.5' ],
58 silly audit   '@nodelib/fs.stat': [ '2.0.5' ],
58 silly audit   '@nodelib/fs.walk': [ '1.2.8' ],
58 silly audit   '@nolyfill/is-core-module': [ '1.0.39' ],
58 silly audit   '@panva/hkdf': [ '1.2.1' ],
58 silly audit   '@prisma/client': [ '5.10.0' ],
58 silly audit   '@prisma/debug': [ '5.10.0' ],
58 silly audit   '@prisma/engines': [ '5.10.0' ],
58 silly audit   '@prisma/engines-version': [ '5.10.0-34.5a9203d0590c951969e85a7d07215503f4672eb9' ],
58 silly audit   '@prisma/fetch-engine': [ '5.10.0' ],
58 silly audit   '@prisma/get-platform': [ '5.10.0' ],
58 silly audit   '@rtsao/scc': [ '1.1.0' ],
58 silly audit   '@rushstack/eslint-patch': [ '1.16.1' ],
58 silly audit   '@swc/helpers': [ '0.5.2' ],
58 silly audit   '@tybys/wasm-util': [ '0.10.1' ],
58 silly audit   '@types/json5': [ '0.0.29' ],
58 silly audit   '@typescript-eslint/parser': [ '6.21.0' ],
58 silly audit   '@typescript-eslint/scope-manager': [ '6.21.0' ],
58 silly audit   '@typescript-eslint/types': [ '6.21.0' ],
58 silly audit   '@typescript-eslint/typescript-estree': [ '6.21.0' ],
58 silly audit   'brace-expansion': [ '2.0.2', '1.1.12' ],
58 silly audit   minimatch: [ '9.0.3', '3.1.3' ],
58 silly audit   '@typescript-eslint/visitor-keys': [ '6.21.0' ],
58 silly audit   '@ungap/structured-clone': [ '1.3.0' ],
58 silly audit   '@unrs/resolver-binding-android-arm-eabi': [ '1.11.1' ],
58 silly audit   '@unrs/resolver-binding-android-arm64': [ '1.11.1' ],
58 silly audit   '@unrs/resolver-binding-darwin-arm64': [ '1.11.1' ],
58 silly audit   '@unrs/resolver-binding-darwin-x64': [ '1.11.1' ],
58 silly audit   '@unrs/resolver-binding-freebsd-x64': [ '1.11.1' ],
58 silly audit   '@unrs/resolver-binding-linux-arm-gnueabihf': [ '1.11.1' ],
58 silly audit   '@unrs/resolver-binding-linux-arm-musleabihf': [ '1.11.1' ],
58 silly audit   '@unrs/resolver-binding-linux-arm64-gnu': [ '1.11.1' ],
58 silly audit   '@unrs/resolver-binding-linux-arm64-musl': [ '1.11.1' ],
58 silly audit   '@unrs/resolver-binding-linux-ppc64-gnu': [ '1.11.1' ],
58 silly audit   '@unrs/resolver-binding-linux-riscv64-gnu': [ '1.11.1' ],
58 silly audit   '@unrs/resolver-binding-linux-riscv64-musl': [ '1.11.1' ],
58 silly audit   '@unrs/resolver-binding-linux-s390x-gnu': [ '1.11.1' ],
58 silly audit   '@unrs/resolver-binding-linux-x64-gnu': [ '1.11.1' ],
58 silly audit   '@unrs/resolver-binding-linux-x64-musl': [ '1.11.1' ],
58 silly audit   '@unrs/resolver-binding-wasm32-wasi': [ '1.11.1' ],
58 silly audit   '@unrs/resolver-binding-win32-arm64-msvc': [ '1.11.1' ],
58 silly audit   '@unrs/resolver-binding-win32-ia32-msvc': [ '1.11.1' ],
58 silly audit   '@unrs/resolver-binding-win32-x64-msvc': [ '1.11.1' ],
58 silly audit   acorn: [ '8.16.0' ],
58 silly audit   'acorn-jsx': [ '5.3.2' ],
58 silly audit   ajv: [ '6.14.0' ],
58 silly audit   'ansi-regex': [ '5.0.1' ],
58 silly audit   'ansi-styles': [ '4.3.0' ],
58 silly audit   argparse: [ '2.0.1' ],
58 silly audit   'aria-query': [ '5.3.2' ],
58 silly audit   'array-buffer-byte-length': [ '1.0.2' ],
58 silly audit   'array-includes': [ '3.1.9' ],
58 silly audit   'array-union': [ '2.1.0' ],
58 silly audit   'array.prototype.findlast': [ '1.2.5' ],
58 silly audit   'array.prototype.findlastindex': [ '1.2.6' ],
58 silly audit   'array.prototype.flat': [ '1.3.3' ],
58 silly audit   'array.prototype.flatmap': [ '1.3.3' ],
58 silly audit   'array.prototype.tosorted': [ '1.1.4' ],
58 silly audit   'arraybuffer.prototype.slice': [ '1.0.4' ],
58 silly audit   'ast-types-flow': [ '0.0.8' ],
58 silly audit   'async-function': [ '1.0.0' ],
58 silly audit   asynckit: [ '0.4.0' ],
58 silly audit   'available-typed-arrays': [ '1.0.7' ],
58 silly audit   'axe-core': [ '4.11.1' ],
58 silly audit   axios: [ '1.13.5' ],
58 silly audit   'axobject-query': [ '4.1.0' ],
58 silly audit   'balanced-match': [ '1.0.2' ],
58 silly audit   braces: [ '3.0.3' ],
58 silly audit   'buffer-equal-constant-time': [ '1.0.1' ],
58 silly audit   busboy: [ '1.6.0' ],
58 silly audit   'call-bind': [ '1.0.8' ],
58 silly audit   'call-bind-apply-helpers': [ '1.0.2' ],
58 silly audit   'call-bound': [ '1.0.4' ],
58 silly audit   callsites: [ '3.1.0' ],
58 silly audit   camelcase: [ '5.3.1' ],
58 silly audit   'caniuse-lite': [ '1.0.30001774' ],
58 silly audit   chalk: [ '4.1.2' ],
58 silly audit   'client-only': [ '0.0.1' ],
58 silly audit   cliui: [ '6.0.0' ],
58 silly audit   'color-convert': [ '2.0.1' ],
58 silly audit   'color-name': [ '1.1.4' ],
58 silly audit   'combined-stream': [ '1.0.8' ],
58 silly audit   'concat-map': [ '0.0.1' ],
58 silly audit   cookie: [ '0.7.2' ],
58 silly audit   'cross-spawn': [ '7.0.6' ],
58 silly audit   'csv-parse': [ '6.1.0' ],
58 silly audit   'damerau-levenshtein': [ '1.0.8' ],
58 silly audit   'data-view-buffer': [ '1.0.2' ],
58 silly audit   'data-view-byte-length': [ '1.0.2' ],
58 silly audit   'data-view-byte-offset': [ '1.0.1' ],
58 silly audit   'date-fns': [ '4.1.0' ],
58 silly audit   debug: [ '4.4.3', '3.2.7' ],
58 silly audit   decamelize: [ '1.2.0' ],
58 silly audit   'deep-is': [ '0.1.4' ],
58 silly audit   'define-data-property': [ '1.1.4' ],
58 silly audit   'define-properties': [ '1.2.1' ],
58 silly audit   'delayed-stream': [ '1.0.0' ],
58 silly audit   dijkstrajs: [ '1.0.3' ],
58 silly audit   'dir-glob': [ '3.0.1' ],
58 silly audit   doctrine: [ '3.0.0', '2.1.0' ],
58 silly audit   'dunder-proto': [ '1.0.1' ],
58 silly audit   'ecdsa-sig-formatter': [ '1.0.11' ],
58 silly audit   'emoji-regex': [ '9.2.2', '8.0.0' ],
58 silly audit   'es-abstract': [ '1.24.1' ],
58 silly audit   'es-define-property': [ '1.0.1' ],
58 silly audit   'es-errors': [ '1.3.0' ],
58 silly audit   'es-iterator-helpers': [ '1.2.2' ],
58 silly audit   'es-object-atoms': [ '1.1.1' ],
58 silly audit   'es-set-tostringtag': [ '2.1.0' ],
58 silly audit   'es-shim-unscopables': [ '1.1.0' ],
58 silly audit   'es-to-primitive': [ '1.3.0' ],
58 silly audit   'escape-string-regexp': [ '4.0.0' ],
58 silly audit   eslint: [ '8.57.1' ],
58 silly audit   'eslint-config-next': [ '13.5.11' ],
58 silly audit   'eslint-import-resolver-node': [ '0.3.9' ],
58 silly audit   'eslint-import-resolver-typescript': [ '3.10.1' ],
58 silly audit   'eslint-module-utils': [ '2.12.1' ],
58 silly audit   'eslint-plugin-import': [ '2.32.0' ],
58 silly audit   semver: [ '6.3.1', '7.7.4' ],
58 silly audit   'eslint-plugin-jsx-a11y': [ '6.10.2' ],
58 silly audit   'eslint-plugin-react': [ '7.37.5' ],
58 silly audit   'eslint-plugin-react-hooks': [ '5.0.0-canary-7118f5dd7-20230705' ],
58 silly audit   resolve: [ '2.0.0-next.6', '1.22.11' ],
58 silly audit   'eslint-scope': [ '7.2.2' ],
58 silly audit   'eslint-visitor-keys': [ '3.4.3' ],
58 silly audit   espree: [ '9.6.1' ],
58 silly audit   esquery: [ '1.7.0' ],
58 silly audit   esrecurse: [ '4.3.0' ],
58 silly audit   estraverse: [ '5.3.0' ],
58 silly audit   esutils: [ '2.0.3' ],
58 silly audit   'fast-deep-equal': [ '3.1.3' ],
58 silly audit   'fast-glob': [ '3.3.3' ],
58 silly audit   'glob-parent': [ '5.1.2', '6.0.2' ],
58 silly audit   'fast-json-stable-stringify': [ '2.1.0' ],
58 silly audit   'fast-levenshtein': [ '2.0.6' ],
58 silly audit   fastq: [ '1.20.1' ],
58 silly audit   'file-entry-cache': [ '6.0.1' ],
58 silly audit   'fill-range': [ '7.1.1' ],
58 silly audit   'find-up': [ '5.0.0', '4.1.0' ],
58 silly audit   'flat-cache': [ '3.2.0' ],
58 silly audit   flatted: [ '3.3.3' ],
58 silly audit   'follow-redirects': [ '1.15.11' ],
58 silly audit   'for-each': [ '0.3.5' ],
58 silly audit   'form-data': [ '4.0.5' ],
58 silly audit   'fs.realpath': [ '1.0.0' ],
58 silly audit   'function-bind': [ '1.1.2' ],
58 silly audit   'function.prototype.name': [ '1.1.8' ],
58 silly audit   'functions-have-names': [ '1.2.3' ],
58 silly audit   'generator-function': [ '2.0.1' ],
58 silly audit   'get-caller-file': [ '2.0.5' ],
58 silly audit   'get-intrinsic': [ '1.3.0' ],
58 silly audit   'get-proto': [ '1.0.1' ],
58 silly audit   'get-symbol-description': [ '1.1.0' ],
58 silly audit   'get-tsconfig': [ '4.13.6' ],
58 silly audit   glob: [ '7.1.7' ],
58 silly audit   'glob-to-regexp': [ '0.4.1' ],
58 silly audit   globals: [ '13.24.0' ],
58 silly audit   globalthis: [ '1.0.4' ],
58 silly audit   globby: [ '11.1.0' ],
58 silly audit   gopd: [ '1.2.0' ],
58 silly audit   'graceful-fs': [ '4.2.11' ],
58 silly audit   graphemer: [ '1.4.0' ],
58 silly audit   'has-bigints': [ '1.1.0' ],
58 silly audit   'has-flag': [ '4.0.0' ],
58 silly audit   'has-property-descriptors': [ '1.0.2' ],
58 silly audit   'has-proto': [ '1.2.0' ],
58 silly audit   'has-symbols': [ '1.1.0' ],
58 silly audit   'has-tostringtag': [ '1.0.2' ],
58 silly audit   hasown: [ '2.0.2' ],
58 silly audit   ignore: [ '5.3.2' ],
58 silly audit   'import-fresh': [ '3.3.1' ],
58 silly audit   imurmurhash: [ '0.1.4' ],
58 silly audit   inflight: [ '1.0.6' ],
58 silly audit   inherits: [ '2.0.4' ],
58 silly audit   'internal-slot': [ '1.1.0' ],
58 silly audit   'is-array-buffer': [ '3.0.5' ],
58 silly audit   'is-async-function': [ '2.1.1' ],
58 silly audit   'is-bigint': [ '1.1.0' ],
58 silly audit   'is-boolean-object': [ '1.2.2' ],
58 silly audit   'is-bun-module': [ '2.0.0' ],
58 silly audit   'is-callable': [ '1.2.7' ],
58 silly audit   'is-core-module': [ '2.16.1' ],
58 silly audit   'is-data-view': [ '1.0.2' ],
58 silly audit   'is-date-object': [ '1.1.0' ],
58 silly audit   'is-extglob': [ '2.1.1' ],
58 silly audit   'is-finalizationregistry': [ '1.1.1' ],
58 silly audit   'is-fullwidth-code-point': [ '3.0.0' ],
58 silly audit   'is-generator-function': [ '1.1.2' ],
58 silly audit   'is-glob': [ '4.0.3' ],
58 silly audit   'is-map': [ '2.0.3' ],
58 silly audit   'is-negative-zero': [ '2.0.3' ],
58 silly audit   'is-number': [ '7.0.0' ],
58 silly audit   'is-number-object': [ '1.1.1' ],
58 silly audit   'is-path-inside': [ '3.0.3' ],
58 silly audit   'is-regex': [ '1.2.1' ],
58 silly audit   'is-set': [ '2.0.3' ],
58 silly audit   'is-shared-array-buffer': [ '1.0.4' ],
58 silly audit   'is-string': [ '1.1.1' ],
58 silly audit   'is-symbol': [ '1.1.1' ],
58 silly audit   'is-typed-array': [ '1.1.15' ],
58 silly audit   'is-weakmap': [ '2.0.2' ],
58 silly audit   'is-weakref': [ '1.1.1' ],
58 silly audit   'is-weakset': [ '2.0.4' ],
58 silly audit   isarray: [ '2.0.5' ],
58 silly audit   isexe: [ '2.0.0' ],
58 silly audit   'iterator.prototype': [ '1.1.5' ],
58 silly audit   jose: [ '4.15.9' ],
58 silly audit   'js-tokens': [ '4.0.0' ],
58 silly audit   'js-yaml': [ '4.1.1' ],
58 silly audit   'json-buffer': [ '3.0.1' ],
58 silly audit   'json-schema-traverse': [ '0.4.1' ],
58 silly audit   'json-stable-stringify-without-jsonify': [ '1.0.1' ],
58 silly audit   json5: [ '1.0.2' ],
58 silly audit   jsonwebtoken: [ '9.0.3' ],
58 silly audit   'jsx-ast-utils': [ '3.3.5' ],
58 silly audit   jwa: [ '2.0.1' ],
58 silly audit   jws: [ '4.0.1' ],
58 silly audit   keyv: [ '4.5.4' ],
58 silly audit   'language-subtag-registry': [ '0.3.23' ],
58 silly audit   'language-tags': [ '1.0.9' ],
58 silly audit   levn: [ '0.4.1' ],
58 silly audit   'locate-path': [ '6.0.0', '5.0.0' ],
58 silly audit   'lodash.includes': [ '4.3.0' ],
58 silly audit   'lodash.isboolean': [ '3.0.3' ],
58 silly audit   'lodash.isinteger': [ '4.0.4' ],
58 silly audit   'lodash.isnumber': [ '3.0.3' ],
58 silly audit   'lodash.isplainobject': [ '4.0.6' ],
58 silly audit   'lodash.isstring': [ '4.0.1' ],
58 silly audit   'lodash.merge': [ '4.6.2' ],
58 silly audit   'lodash.once': [ '4.1.1' ],
58 silly audit   'loose-envify': [ '1.4.0' ],
58 silly audit   'lru-cache': [ '6.0.0' ],
58 silly audit   'lucide-react': [ '0.556.0' ],
58 silly audit   'math-intrinsics': [ '1.1.0' ],
58 silly audit   merge2: [ '1.4.1' ],
58 silly audit   micromatch: [ '4.0.8' ],
58 silly audit   'mime-db': [ '1.52.0' ],
58 silly audit   'mime-types': [ '2.1.35' ],
58 silly audit   minimist: [ '1.2.8' ],
58 silly audit   ms: [ '2.1.3' ],
58 silly audit   nanoid: [ '3.3.11' ],
58 silly audit   'napi-postinstall': [ '0.3.4' ],
58 silly audit   'natural-compare': [ '1.4.0' ],
58 silly audit   next: [ '13.5.11' ],
58 silly audit   'next-auth': [ '4.24.13' ],
58 silly audit   'node-exports-info': [ '1.6.0' ],
58 silly audit   oauth: [ '0.9.15' ],
58 silly audit   'object-assign': [ '4.1.1' ],
58 silly audit   'object-hash': [ '2.2.0' ],
58 silly audit   'object-inspect': [ '1.13.4' ],
58 silly audit   'object-keys': [ '1.1.1' ],
58 silly audit   'object.assign': [ '4.1.7' ],
58 silly audit   'object.entries': [ '1.1.9' ],
58 silly audit   'object.fromentries': [ '2.0.8' ],
58 silly audit   'object.groupby': [ '1.0.3' ],
58 silly audit   'object.values': [ '1.2.1' ],
58 silly audit   'oidc-token-hash': [ '5.2.0' ],
58 silly audit   once: [ '1.4.0' ],
58 silly audit   'openid-client': [ '5.7.1' ],
58 silly audit   optionator: [ '0.9.4' ],
58 silly audit   'own-keys': [ '1.0.1' ],
58 silly audit   'p-limit': [ '3.1.0', '2.3.0' ],
58 silly audit   'p-locate': [ '5.0.0', '4.1.0' ],
58 silly audit   'p-try': [ '2.2.0' ],
58 silly audit   'parent-module': [ '1.0.1' ],
58 silly audit   'path-exists': [ '4.0.0' ],
58 silly audit   'path-is-absolute': [ '1.0.1' ],
58 silly audit   'path-key': [ '3.1.1' ],
58 silly audit   'path-parse': [ '1.0.7' ],
58 silly audit   'path-type': [ '4.0.0' ],
58 silly audit   picocolors: [ '1.1.1' ],
58 silly audit   picomatch: [ '2.3.1', '4.0.3' ],
58 silly audit   pngjs: [ '5.0.0' ],
58 silly audit   'possible-typed-array-names': [ '1.1.0' ],
58 silly audit   postcss: [ '8.4.31' ],
58 silly audit   preact: [ '10.28.4' ],
58 silly audit   'preact-render-to-string': [ '5.2.6' ],
58 silly audit   'prelude-ls': [ '1.2.1' ],
58 silly audit   'pretty-format': [ '3.8.0' ],
58 silly audit   prisma: [ '5.10.0' ],
58 silly audit   'prop-types': [ '15.8.1' ],
58 silly audit   'proxy-from-env': [ '1.1.0' ],
58 silly audit   punycode: [ '2.3.1' ],
58 silly audit   qrcode: [ '1.5.4' ],
58 silly audit   'queue-microtask': [ '1.2.3' ],
58 silly audit   react: [ '18.3.1' ],
58 silly audit   'react-dom': [ '18.3.1' ],
58 silly audit   'react-is': [ '16.13.1' ],
58 silly audit   'reflect.getprototypeof': [ '1.0.10' ],
58 silly audit   'regexp.prototype.flags': [ '1.5.4' ],
58 silly audit   'require-directory': [ '2.1.1' ],
58 silly audit   'require-main-filename': [ '2.0.0' ],
58 silly audit   'resolve-from': [ '4.0.0' ],
58 silly audit   'resolve-pkg-maps': [ '1.0.0' ],
58 silly audit   reusify: [ '1.1.0' ],
58 silly audit   rimraf: [ '3.0.2' ],
58 silly audit   'run-parallel': [ '1.2.0' ],
58 silly audit   'safe-array-concat': [ '1.1.3' ],
58 silly audit   'safe-buffer': [ '5.2.1' ],
58 silly audit   'safe-push-apply': [ '1.0.0' ],
58 silly audit   'safe-regex-test': [ '1.1.0' ],
58 silly audit   scheduler: [ '0.23.2' ],
58 silly audit   'set-blocking': [ '2.0.0' ],
58 silly audit   'set-function-length': [ '1.2.2' ],
58 silly audit   'set-function-name': [ '2.0.2' ],
58 silly audit   'set-proto': [ '1.0.0' ],
58 silly audit   'shebang-command': [ '2.0.0' ],
58 silly audit   'shebang-regex': [ '3.0.0' ],
58 silly audit   'side-channel': [ '1.1.0' ],
58 silly audit   'side-channel-list': [ '1.0.0' ],
58 silly audit   'side-channel-map': [ '1.0.1' ],
58 silly audit   'side-channel-weakmap': [ '1.0.2' ],
58 silly audit   slash: [ '3.0.0' ],
58 silly audit   'source-map-js': [ '1.2.1' ],
58 silly audit   'stable-hash': [ '0.0.5' ],
58 silly audit   'stop-iteration-iterator': [ '1.1.0' ],
58 silly audit   streamsearch: [ '1.1.0' ],
58 silly audit   'string-width': [ '4.2.3' ],
58 silly audit   'string.prototype.includes': [ '2.0.1' ],
58 silly audit   'string.prototype.matchall': [ '4.0.12' ],
58 silly audit   'string.prototype.repeat': [ '1.0.0' ],
58 silly audit   'string.prototype.trim': [ '1.2.10' ],
58 silly audit   'string.prototype.trimend': [ '1.0.9' ],
58 silly audit   'string.prototype.trimstart': [ '1.0.8' ],
58 silly audit   'strip-ansi': [ '6.0.1' ],
58 silly audit   'strip-bom': [ '3.0.0' ],
58 silly audit   'strip-json-comments': [ '3.1.1' ],
58 silly audit   'styled-jsx': [ '5.1.1' ],
58 silly audit   'supports-color': [ '7.2.0' ],
58 silly audit   'supports-preserve-symlinks-flag': [ '1.0.0' ],
58 silly audit   'text-table': [ '0.2.0' ],
58 silly audit   tinyglobby: [ '0.2.15' ],
58 silly audit   fdir: [ '6.5.0' ],
58 silly audit   'to-regex-range': [ '5.0.1' ],
58 silly audit   'ts-api-utils': [ '1.4.3' ],
58 silly audit   'tsconfig-paths': [ '3.15.0' ],
58 silly audit   tslib: [ '2.8.1' ],
58 silly audit   'type-check': [ '0.4.0' ],
58 silly audit   'type-fest': [ '0.20.2' ],
58 silly audit   'typed-array-buffer': [ '1.0.3' ],
58 silly audit   'typed-array-byte-length': [ '1.0.3' ],
58 silly audit   'typed-array-byte-offset': [ '1.0.4' ],
58 silly audit   'typed-array-length': [ '1.0.7' ],
58 silly audit   typescript: [ '5.9.3' ],
58 silly audit   'unbox-primitive': [ '1.1.0' ],
58 silly audit   'unrs-resolver': [ '1.11.1' ],
58 silly audit   'uri-js': [ '4.4.1' ],
58 silly audit   uuid: [ '8.3.2' ],
58 silly audit   watchpack: [ '2.4.0' ],
58 silly audit   which: [ '2.0.2' ],
58 silly audit   'which-boxed-primitive': [ '1.1.1' ],
58 silly audit   'which-builtin-type': [ '1.2.1' ],
58 silly audit   'which-collection': [ '1.0.2' ],
58 silly audit   'which-module': [ '2.0.1' ],
58 silly audit   'which-typed-array': [ '1.1.20' ],
58 silly audit   'word-wrap': [ '1.2.5' ],
58 silly audit   'wrap-ansi': [ '6.2.0' ],
58 silly audit   wrappy: [ '1.0.2' ],
58 silly audit   y18n: [ '4.0.3' ],
58 silly audit   yallist: [ '4.0.0' ],
58 silly audit   yargs: [ '15.4.1' ],
58 silly audit   'yargs-parser': [ '18.1.3' ],
58 silly audit   'yocto-queue': [ '0.1.0' ],
58 silly audit   '@stripe/stripe-js': [ '8.8.0' ],
58 silly audit   stripe: [ '20.4.0' ]
58 silly audit }
59 verbose reify failed optional dependency /Users/edmondebeid/Development/GolfApp/node_modules/@unrs/resolver-binding-win32-x64-msvc
60 silly reify mark deleted [
60 silly reify   '/Users/edmondebeid/Development/GolfApp/node_modules/@unrs/resolver-binding-win32-x64-msvc'
60 silly reify ]
61 verbose reify failed optional dependency /Users/edmondebeid/Development/GolfApp/node_modules/@unrs/resolver-binding-win32-ia32-msvc
62 silly reify mark deleted [
62 silly reify   '/Users/edmondebeid/Development/GolfApp/node_modules/@unrs/resolver-binding-win32-ia32-msvc'
62 silly reify ]
63 verbose reify failed optional dependency /Users/edmondebeid/Development/GolfApp/node_modules/@unrs/resolver-binding-win32-arm64-msvc
64 silly reify mark deleted [
64 silly reify   '/Users/edmondebeid/Development/GolfApp/node_modules/@unrs/resolver-binding-win32-arm64-msvc'
64 silly reify ]
65 verbose reify failed optional dependency /Users/edmondebeid/Development/GolfApp/node_modules/@unrs/resolver-binding-wasm32-wasi
66 silly reify mark deleted [
66 silly reify   '/Users/edmondebeid/Development/GolfApp/node_modules/@unrs/resolver-binding-wasm32-wasi'
66 silly reify ]
67 verbose reify failed optional dependency /Users/edmondebeid/Development/GolfApp/node_modules/@napi-rs/wasm-runtime
68 silly reify mark deleted [
68 silly reify   '/Users/edmondebeid/Development/GolfApp/node_modules/@napi-rs/wasm-runtime'
68 silly reify ]
69 verbose reify failed optional dependency /Users/edmondebeid/Development/GolfApp/node_modules/@emnapi/core
70 silly reify mark deleted [ '/Users/edmondebeid/Development/GolfApp/node_modules/@emnapi/core' ]
71 verbose reify failed optional dependency /Users/edmondebeid/Development/GolfApp/node_modules/@emnapi/runtime
72 silly reify mark deleted [
72 silly reify   '/Users/edmondebeid/Development/GolfApp/node_modules/@emnapi/runtime'
72 silly reify ]
73 verbose reify failed optional dependency /Users/edmondebeid/Development/GolfApp/node_modules/@tybys/wasm-util
74 silly reify mark deleted [
74 silly reify   '/Users/edmondebeid/Development/GolfApp/node_modules/@tybys/wasm-util'
74 silly reify ]
75 verbose reify failed optional dependency /Users/edmondebeid/Development/GolfApp/node_modules/@emnapi/wasi-threads
76 silly reify mark deleted [
76 silly reify   '/Users/edmondebeid/Development/GolfApp/node_modules/@emnapi/wasi-threads'
76 silly reify ]
77 verbose reify failed optional dependency /Users/edmondebeid/Development/GolfApp/node_modules/@unrs/resolver-binding-linux-x64-musl
78 silly reify mark deleted [
78 silly reify   '/Users/edmondebeid/Development/GolfApp/node_modules/@unrs/resolver-binding-linux-x64-musl'
78 silly reify ]
79 verbose reify failed optional dependency /Users/edmondebeid/Development/GolfApp/node_modules/@unrs/resolver-binding-linux-x64-gnu
80 silly reify mark deleted [
80 silly reify   '/Users/edmondebeid/Development/GolfApp/node_modules/@unrs/resolver-binding-linux-x64-gnu'
80 silly reify ]
81 verbose reify failed optional dependency /Users/edmondebeid/Development/GolfApp/node_modules/@unrs/resolver-binding-linux-s390x-gnu
82 silly reify mark deleted [
82 silly reify   '/Users/edmondebeid/Development/GolfApp/node_modules/@unrs/resolver-binding-linux-s390x-gnu'
82 silly reify ]
83 verbose reify failed optional dependency /Users/edmondebeid/Development/GolfApp/node_modules/@unrs/resolver-binding-linux-riscv64-musl
84 silly reify mark deleted [
84 silly reify   '/Users/edmondebeid/Development/GolfApp/node_modules/@unrs/resolver-binding-linux-riscv64-musl'
84 silly reify ]
85 verbose reify failed optional dependency /Users/edmondebeid/Development/GolfApp/node_modules/@unrs/resolver-binding-linux-riscv64-gnu
86 silly reify mark deleted [
86 silly reify   '/Users/edmondebeid/Development/GolfApp/node_modules/@unrs/resolver-binding-linux-riscv64-gnu'
86 silly reify ]
87 verbose reify failed optional dependency /Users/edmondebeid/Development/GolfApp/node_modules/@unrs/resolver-binding-linux-ppc64-gnu
88 silly reify mark deleted [
88 silly reify   '/Users/edmondebeid/Development/GolfApp/node_modules/@unrs/resolver-binding-linux-ppc64-gnu'
88 silly reify ]
89 verbose reify failed optional dependency /Users/edmondebeid/Development/GolfApp/node_modules/@unrs/resolver-binding-linux-arm64-musl
90 silly reify mark deleted [
90 silly reify   '/Users/edmondebeid/Development/GolfApp/node_modules/@unrs/resolver-binding-linux-arm64-musl'
90 silly reify ]
91 verbose reify failed optional dependency /Users/edmondebeid/Development/GolfApp/node_modules/@unrs/resolver-binding-linux-arm64-gnu
92 silly reify mark deleted [
92 silly reify   '/Users/edmondebeid/Development/GolfApp/node_modules/@unrs/resolver-binding-linux-arm64-gnu'
92 silly reify ]
93 verbose reify failed optional dependency /Users/edmondebeid/Development/GolfApp/node_modules/@unrs/resolver-binding-linux-arm-musleabihf
94 silly reify mark deleted [
94 silly reify   '/Users/edmondebeid/Development/GolfApp/node_modules/@unrs/resolver-binding-linux-arm-musleabihf'
94 silly reify ]
95 verbose reify failed optional dependency /Users/edmondebeid/Development/GolfApp/node_modules/@unrs/resolver-binding-linux-arm-gnueabihf
96 silly reify mark deleted [
96 silly reify   '/Users/edmondebeid/Development/GolfApp/node_modules/@unrs/resolver-binding-linux-arm-gnueabihf'
96 silly reify ]
97 verbose reify failed optional dependency /Users/edmondebeid/Development/GolfApp/node_modules/@unrs/resolver-binding-freebsd-x64
98 silly reify mark deleted [
98 silly reify   '/Users/edmondebeid/Development/GolfApp/node_modules/@unrs/resolver-binding-freebsd-x64'
98 silly reify ]
99 verbose reify failed optional dependency /Users/edmondebeid/Development/GolfApp/node_modules/@unrs/resolver-binding-darwin-arm64
100 silly reify mark deleted [
100 silly reify   '/Users/edmondebeid/Development/GolfApp/node_modules/@unrs/resolver-binding-darwin-arm64'
100 silly reify ]
101 verbose reify failed optional dependency /Users/edmondebeid/Development/GolfApp/node_modules/@unrs/resolver-binding-android-arm64
102 silly reify mark deleted [
102 silly reify   '/Users/edmondebeid/Development/GolfApp/node_modules/@unrs/resolver-binding-android-arm64'
102 silly reify ]
103 verbose reify failed optional dependency /Users/edmondebeid/Development/GolfApp/node_modules/@unrs/resolver-binding-android-arm-eabi
104 silly reify mark deleted [
104 silly reify   '/Users/edmondebeid/Development/GolfApp/node_modules/@unrs/resolver-binding-android-arm-eabi'
104 silly reify ]
105 verbose reify failed optional dependency /Users/edmondebeid/Development/GolfApp/node_modules/@next/swc-win32-x64-msvc
106 silly reify mark deleted [
106 silly reify   '/Users/edmondebeid/Development/GolfApp/node_modules/@next/swc-win32-x64-msvc'
106 silly reify ]
107 verbose reify failed optional dependency /Users/edmondebeid/Development/GolfApp/node_modules/@next/swc-win32-ia32-msvc
108 silly reify mark deleted [
108 silly reify   '/Users/edmondebeid/Development/GolfApp/node_modules/@next/swc-win32-ia32-msvc'
108 silly reify ]
109 verbose reify failed optional dependency /Users/edmondebeid/Development/GolfApp/node_modules/@next/swc-win32-arm64-msvc
110 silly reify mark deleted [
110 silly reify   '/Users/edmondebeid/Development/GolfApp/node_modules/@next/swc-win32-arm64-msvc'
110 silly reify ]
111 verbose reify failed optional dependency /Users/edmondebeid/Development/GolfApp/node_modules/@next/swc-linux-x64-musl
112 silly reify mark deleted [
112 silly reify   '/Users/edmondebeid/Development/GolfApp/node_modules/@next/swc-linux-x64-musl'
112 silly reify ]
113 verbose reify failed optional dependency /Users/edmondebeid/Development/GolfApp/node_modules/@next/swc-linux-x64-gnu
114 silly reify mark deleted [
114 silly reify   '/Users/edmondebeid/Development/GolfApp/node_modules/@next/swc-linux-x64-gnu'
114 silly reify ]
115 verbose reify failed optional dependency /Users/edmondebeid/Development/GolfApp/node_modules/@next/swc-linux-arm64-musl
116 silly reify mark deleted [
116 silly reify   '/Users/edmondebeid/Development/GolfApp/node_modules/@next/swc-linux-arm64-musl'
116 silly reify ]
117 verbose reify failed optional dependency /Users/edmondebeid/Development/GolfApp/node_modules/@next/swc-linux-arm64-gnu
118 silly reify mark deleted [
118 silly reify   '/Users/edmondebeid/Development/GolfApp/node_modules/@next/swc-linux-arm64-gnu'
118 silly reify ]
119 verbose reify failed optional dependency /Users/edmondebeid/Development/GolfApp/node_modules/@next/swc-darwin-arm64
120 silly reify mark deleted [
120 silly reify   '/Users/edmondebeid/Development/GolfApp/node_modules/@next/swc-darwin-arm64'
120 silly reify ]
121 timing reifyNode:node_modules/@unrs/resolver-binding-win32-x64-msvc Completed in 72ms
122 timing reifyNode:node_modules/@unrs/resolver-binding-win32-ia32-msvc Completed in 72ms
123 timing reifyNode:node_modules/@unrs/resolver-binding-win32-arm64-msvc Completed in 72ms
124 timing reifyNode:node_modules/@unrs/resolver-binding-wasm32-wasi Completed in 72ms
125 timing reifyNode:node_modules/@unrs/resolver-binding-linux-x64-musl Completed in 73ms
126 timing reifyNode:node_modules/@unrs/resolver-binding-linux-x64-gnu Completed in 73ms
127 timing reifyNode:node_modules/@unrs/resolver-binding-linux-s390x-gnu Completed in 73ms
128 timing reifyNode:node_modules/@unrs/resolver-binding-linux-riscv64-musl Completed in 73ms
129 timing reifyNode:node_modules/@unrs/resolver-binding-linux-riscv64-gnu Completed in 73ms
130 timing reifyNode:node_modules/@unrs/resolver-binding-linux-ppc64-gnu Completed in 73ms
131 timing reifyNode:node_modules/@unrs/resolver-binding-linux-arm64-musl Completed in 74ms
132 timing reifyNode:node_modules/@unrs/resolver-binding-linux-arm64-gnu Completed in 74ms
133 timing reifyNode:node_modules/@unrs/resolver-binding-linux-arm-musleabihf Completed in 73ms
134 timing reifyNode:node_modules/@unrs/resolver-binding-linux-arm-gnueabihf Completed in 73ms
135 timing reifyNode:node_modules/@unrs/resolver-binding-freebsd-x64 Completed in 73ms
136 timing reifyNode:node_modules/@unrs/resolver-binding-darwin-arm64 Completed in 73ms
137 timing reifyNode:node_modules/@unrs/resolver-binding-android-arm64 Completed in 73ms
138 timing reifyNode:node_modules/@unrs/resolver-binding-android-arm-eabi Completed in 73ms
139 timing reifyNode:node_modules/@next/swc-win32-x64-msvc Completed in 72ms
140 timing reifyNode:node_modules/@next/swc-win32-ia32-msvc Completed in 72ms
141 timing reifyNode:node_modules/@next/swc-win32-arm64-msvc Completed in 72ms
142 timing reifyNode:node_modules/@next/swc-linux-x64-musl Completed in 72ms
143 timing reifyNode:node_modules/@next/swc-linux-x64-gnu Completed in 72ms
144 timing reifyNode:node_modules/@next/swc-linux-arm64-musl Completed in 72ms
145 timing reifyNode:node_modules/@next/swc-linux-arm64-gnu Completed in 72ms
146 timing reifyNode:node_modules/@next/swc-darwin-arm64 Completed in 72ms
147 silly tarball no local data for stripe@https://registry.npmjs.org/stripe/-/stripe-20.4.0.tgz. Extracting by manifest.
148 silly tarball no local data for @stripe/stripe-js@https://registry.npmjs.org/@stripe/stripe-js/-/stripe-js-8.8.0.tgz. Extracting by manifest.
149 http fetch POST 200 https://registry.npmjs.org/-/npm/v1/security/advisories/bulk 535ms
150 timing auditReport:getReport Completed in 542ms
151 silly audit report {
151 silly audit report   minimatch: [
151 silly audit report     {
151 silly audit report       id: 1113465,
151 silly audit report       url: 'https://github.com/advisories/GHSA-3ppc-4f35-3m26',
151 silly audit report       title: 'minimatch has a ReDoS via repeated wildcards with non-matching literal in pattern',
151 silly audit report       severity: 'high',
151 silly audit report       vulnerable_versions: '>=9.0.0 <9.0.6',
151 silly audit report       cwe: [Array],
151 silly audit report       cvss: [Object]
151 silly audit report     },
151 silly audit report     {
151 silly audit report       id: 1113544,
151 silly audit report       url: 'https://github.com/advisories/GHSA-7r86-cg39-jmmj',
151 silly audit report       title: 'minimatch has ReDoS: matchOne() combinatorial backtracking via multiple non-adjacent GLOBSTAR segments',
151 silly audit report       severity: 'high',
151 silly audit report       vulnerable_versions: '>=9.0.0 <9.0.7',
151 silly audit report       cwe: [Array],
151 silly audit report       cvss: [Object]
151 silly audit report     },
151 silly audit report     {
151 silly audit report       id: 1113546,
151 silly audit report       url: 'https://github.com/advisories/GHSA-23c5-xmqv-rm74',
151 silly audit report       title: 'minimatch ReDoS: nested *() extglobs generate catastrophically backtracking regular expressions',
151 silly audit report       severity: 'high',
151 silly audit report       vulnerable_versions: '<3.1.4',
151 silly audit report       cwe: [Array],
151 silly audit report       cvss: [Object]
151 silly audit report     },
151 silly audit report     {
151 silly audit report       id: 1113552,
151 silly audit report       url: 'https://github.com/advisories/GHSA-23c5-xmqv-rm74',
151 silly audit report       title: 'minimatch ReDoS: nested *() extglobs generate catastrophically backtracking regular expressions',
151 silly audit report       severity: 'high',
151 silly audit report       vulnerable_versions: '>=9.0.0 <9.0.7',
151 silly audit report       cwe: [Array],
151 silly audit report       cvss: [Object]
151 silly audit report     }
151 silly audit report   ],
151 silly audit report   next: [
151 silly audit report     {
151 silly audit report       id: 1100421,
151 silly audit report       url: 'https://github.com/advisories/GHSA-g77x-44xx-532m',
151 silly audit report       title: 'Denial of Service condition in Next.js image optimization',
151 silly audit report       severity: 'moderate',
151 silly audit report       vulnerable_versions: '>=10.0.0 <14.2.7',
151 silly audit report       cwe: [Array],
151 silly audit report       cvss: [Object]
151 silly audit report     },
151 silly audit report     {
151 silly audit report       id: 1105461,
151 silly audit report       url: 'https://github.com/advisories/GHSA-3h52-269p-cp9r',
151 silly audit report       title: 'Information exposure in Next.js dev server due to lack of origin verification',
151 silly audit report       severity: 'low',
151 silly audit report       vulnerable_versions: '>=13.0 <14.2.30',
151 silly audit report       cwe: [Array],
151 silly audit report       cvss: [Object]
151 silly audit report     },
151 silly audit report     {
151 silly audit report       id: 1111391,
151 silly audit report       url: 'https://github.com/advisories/GHSA-mwv6-3258-q52c',
151 silly audit report       title: 'Next Vulnerable to Denial of Service with Server Components',
151 silly audit report       severity: 'high',
151 silly audit report       vulnerable_versions: '>=13.3.0 <14.2.34',
151 silly audit report       cwe: [Array],
151 silly audit report       cvss: [Object]
151 silly audit report     },
151 silly audit report     {
151 silly audit report       id: 1107226,
151 silly audit report       url: 'https://github.com/advisories/GHSA-g5qg-72qw-gw5v',
151 silly audit report       title: 'Next.js Affected by Cache Key Confusion for Image Optimization API Routes',
151 silly audit report       severity: 'moderate',
151 silly audit report       vulnerable_versions: '>=0.9.9 <14.2.31',
151 silly audit report       cwe: [Array],
151 silly audit report       cvss: [Object]
151 silly audit report     },
151 silly audit report     {
151 silly audit report       id: 1107420,
151 silly audit report       url: 'https://github.com/advisories/GHSA-7gfc-8cq8-jh5f',
151 silly audit report       title: 'Next.js authorization bypass vulnerability',
151 silly audit report       severity: 'high',
151 silly audit report       vulnerable_versions: '>=9.5.5 <14.2.15',
151 silly audit report       cwe: [Array],
151 silly audit report       cvss: [Object]
151 silly audit report     },
151 silly audit report     {
151 silly audit report       id: 1107512,
151 silly audit report       url: 'https://github.com/advisories/GHSA-4342-x723-ch2f',
151 silly audit report       title: 'Next.js Improper Middleware Redirect Handling Leads to SSRF',
151 silly audit report       severity: 'moderate',
151 silly audit report       vulnerable_versions: '>=0.9.9 <14.2.32',
151 silly audit report       cwe: [Array],
151 silly audit report       cvss: [Object]
151 silly audit report     },
151 silly audit report     {
151 silly audit report       id: 1107513,
151 silly audit report       url: 'https://github.com/advisories/GHSA-xv57-4mr9-wg8v',
151 silly audit report       title: 'Next.js Content Injection Vulnerability for Image Optimization',
151 silly audit report       severity: 'moderate',
151 silly audit report       vulnerable_versions: '>=0.9.9 <14.2.31',
151 silly audit report       cwe: [Array],
151 silly audit report       cvss: [Object]
151 silly audit report     },
151 silly audit report     {
151 silly audit report       id: 1112182,
151 silly audit report       url: 'https://github.com/advisories/GHSA-5j59-xgg2-r9c4',
151 silly audit report       title: 'Next has a Denial of Service with Server Components - Incomplete Fix Follow-Up',
151 silly audit report       severity: 'high',
151 silly audit report       vulnerable_versions: '>=13.3.1-canary.0 <14.2.35',
151 silly audit report       cwe: [Array],
151 silly audit report       cvss: [Object]
151 silly audit report     },
151 silly audit report     {
151 silly audit report       id: 1108291,
151 silly audit report       url: 'https://github.com/advisories/GHSA-qpjv-v59x-3qc4',
151 silly audit report       title: 'Next.js Race Condition to Cache Poisoning',
151 silly audit report       severity: 'low',
151 silly audit report       vulnerable_versions: '>=0.9.9 <14.2.24',
151 silly audit report       cwe: [Array],
151 silly audit report       cvss: [Object]
151 silly audit report     },
151 silly audit report     {
151 silly audit report       id: 1112593,
151 silly audit report       url: 'https://github.com/advisories/GHSA-9g9p-9gw9-jx7f',
151 silly audit report       title: 'Next.js self-hosted applications vulnerable to DoS via Image Optimizer remotePatterns configuration',
151 silly audit report       severity: 'moderate',
151 silly audit report       vulnerable_versions: '>=10.0.0 <15.5.10',
151 silly audit report       cwe: [Array],
151 silly audit report       cvss: [Object]
151 silly audit report     },
151 silly audit report     {
151 silly audit report       id: 1112653,
151 silly audit report       url: 'https://github.com/advisories/GHSA-h25m-26qc-wcjf',
151 silly audit report       title: 'Next.js HTTP request deserialization can lead to DoS when using insecure React Server Components',
151 silly audit report       severity: 'high',
151 silly audit report       vulnerable_versions: '>=13.0.0 <15.0.8',
151 silly audit report       cwe: [Array],
151 silly audit report       cvss: [Object]
151 silly audit report     },
151 silly audit report     {
151 silly audit report       id: 1097295,
151 silly audit report       url: 'https://github.com/advisories/GHSA-fr5h-rqp8-mj6g',
151 silly audit report       title: 'Next.js Server-Side Request Forgery in Server Actions',
151 silly audit report       severity: 'high',
151 silly audit report       vulnerable_versions: '>=13.4.0 <14.1.1',
151 silly audit report       cwe: [Array],
151 silly audit report       cvss: [Object]
151 silly audit report     }
151 silly audit report   ]
151 silly audit report }
152 timing metavuln:cache:get:security-advisory:minimatch:tdaAHfWGUw/nl/W8ALWVH+LvG2E3gvo3P2FI/fVPxm3aZteLxWMOEuk/9iDk5O0/cZN/GRXnabt/mW/bfUoL/g== Completed in 285ms
153 timing metavuln:cache:get:security-advisory:minimatch:B00WbbnnDNaFGA7l9BgrTioYpRMzU4+U8SUF8cn65LwArJAK0O380QwyP/UyxPr7i9XUjX9/AADC41/edu9OrA== Completed in 287ms
154 timing metavuln:cache:get:security-advisory:minimatch:tJ9Z2VGWqiQfLaVKxc9K/6Rz1g70Mpl3An4UK+K1lyHdz27vYPzhMIkC4jRGAN2wpssY+8l13Ql259B6zkaX/Q== Completed in 286ms
155 timing metavuln:cache:get:security-advisory:minimatch:IBqefxF0lKwSFXzwGHp5L8khqSaPYY99x0GHtXNH4YxtdIexeL4FFPzrnnBvkhgmGDEWHo3XAgpPYGyM1jidQQ== Completed in 286ms
156 silly tarball no local data for minimatch@https://registry.npmjs.org/minimatch/-/minimatch-3.1.3.tgz. Extracting by manifest.
157 silly tarball no local data for node-exports-info@https://registry.npmjs.org/node-exports-info/-/node-exports-info-1.6.0.tgz. Extracting by manifest.
158 silly tarball no local data for acorn@https://registry.npmjs.org/acorn/-/acorn-8.16.0.tgz. Extracting by manifest.
159 timing metavuln:cache:get:security-advisory:next:WrVaG6WkSvpCYPPQKNUv2SLuXz5XL9xKn9KHPtqw/Y+V4JFUbfvGu7iPZR/4d1/dHzlII2csAkP3UXbKSPpZTA== Completed in 3138ms
160 timing metavuln:cache:get:security-advisory:next:kXDE+ksbJYUI4TFImWPb/49o4hwXXT1nqPUeSTV/SE/IB3qFFazOXmXgn5PPbKkz9ewVGi6qMNNgGfrNX4hqIg== Completed in 3139ms
161 timing metavuln:cache:get:security-advisory:next:WQCkHVGQkg6zsfYbmLOI+zBNEYhu4v1g6kXs5vVSFeehybhiXOKxuSPsV71Q4mBoY+gct03Ww794KjXwXHvGWA== Completed in 3139ms
162 timing metavuln:cache:get:security-advisory:next:d2hMvT1neRk1OILN6KsQ2L4sjWpIe19WxzSQJivjdzJVb/hhXgpN5SXMC++Yae4yKIQkpUsP465F2rfLyKo4PA== Completed in 3141ms
163 timing metavuln:cache:get:security-advisory:next:1RRZLAEdZ/XleXHoq279ILkZMiKyW77ZwtE5QzPtyre4x1QWgVmP0i9dSfz4gJebeiXjCYB49g8nOIfNiSjcYQ== Completed in 3140ms
164 timing metavuln:cache:get:security-advisory:next:+SMXIcdP7mb700j3lAUXRoUbwPUmDwsGMfkqi8EBxAInsFmBr7fDz7ceH3WCcBFoF44s9qJcAZp3YRfZSyk8qw== Completed in 3141ms
165 timing metavuln:cache:get:security-advisory:next:ItJZ7qy1iUzxbodxayiejQRfV5cCQvX0fnpMwXLDBxbVruEW2O3qtQbmcGQKdCKBR49CjNmJDt46lWVTov1sQA== Completed in 3142ms
166 timing metavuln:cache:get:security-advisory:next:3YEnowU0F/efIZFkDoFxQZjNq2qcmakBCRjEbrgPcrnqNOUxoJgvhg+PrXGQZbW/4yvsmMJX4gbpxuAhPD8bvg== Completed in 3143ms
167 timing metavuln:cache:get:security-advisory:next:m1juSglhJQv6nr2Qd3fhaBRO3xSWDkIwePr5Y8MKgwiMDtGjVAtSoOHMXp3f9z6nPLepu8CsJK3YosBO7hEskA== Completed in 3144ms
168 timing metavuln:cache:get:security-advisory:next:KuoIS+OJYYdcOMvBUpM2m/4qAW2cZRXPz4dIg3E9TqUkPK1mM5snZkK64pq9phR6fTlXb04DR04ka7VXaspoFg== Completed in 3145ms
169 timing metavuln:cache:get:security-advisory:next:VmINk4sjQ5jqxRvJ2axYcaD3FqreNBMC4jAobfjDjUAn5dOOUzgsn/LLTyEYZvi7HDGR/ppGR9Jxp8UWVvHDIw== Completed in 3146ms
170 timing metavuln:cache:get:security-advisory:next:owasql2RGfaRn6gCrEIYc1sLXkl1GuxqJbyX4pwqCr7f/tVRvnWuaIoanwkbKZ9RBWsvTnyiF9QrYyjzAdBqCg== Completed in 3147ms
171 silly tarball no local data for preact@https://registry.npmjs.org/preact/-/preact-10.28.4.tgz. Extracting by manifest.
172 silly tarball no local data for caniuse-lite@https://registry.npmjs.org/caniuse-lite/-/caniuse-lite-1.0.30001774.tgz. Extracting by manifest.
173 silly tarball no local data for ajv@https://registry.npmjs.org/ajv/-/ajv-6.14.0.tgz. Extracting by manifest.
174 timing reifyNode:node_modules/natural-compare Completed in 4560ms
175 timing reifyNode:node_modules/client-only Completed in 4641ms
176 timing reifyNode:node_modules/wrap-ansi Completed in 4697ms
177 timing reifyNode:node_modules/which-module Completed in 4698ms
178 timing reifyNode:node_modules/wrappy Completed in 4700ms
179 timing reifyNode:node_modules/strip-bom Completed in 4699ms
180 timing reifyNode:node_modules/shebang-command Completed in 4712ms
181 timing reifyNode:node_modules/run-parallel Completed in 4712ms
182 timing reifyNode:node_modules/resolve-from Completed in 4712ms
183 timing reifyNode:node_modules/path-parse Completed in 4717ms
184 timing reifyNode:node_modules/parent-module Completed in 4717ms
185 timing reifyNode:node_modules/path-is-absolute Completed in 4718ms
186 timing reifyNode:node_modules/once Completed in 4718ms
187 timing reifyNode:node_modules/object-assign Completed in 4717ms
188 timing reifyNode:node_modules/ms Completed in 4717ms
189 timing reifyNode:node_modules/merge2 Completed in 4837ms
190 timing reifyNode:node_modules/lodash.once Completed in 4842ms
191 timing reifyNode:node_modules/lodash.isstring Completed in 4842ms
192 timing reifyNode:node_modules/lodash.isplainobject Completed in 4843ms
193 timing reifyNode:node_modules/lodash.isboolean Completed in 4843ms
194 timing reifyNode:node_modules/lodash.isnumber Completed in 4844ms
195 timing reifyNode:node_modules/lodash.isinteger Completed in 4844ms
196 timing reifyNode:node_modules/isarray Completed in 4844ms
197 timing reifyNode:node_modules/is-number Completed in 4854ms
198 timing reifyNode:node_modules/is-extglob Completed in 4856ms
199 warn deprecated inflight@1.0.6: This module is not supported, and leaks memory. Do not use it. Check out lru-cache if you want a good and tested way to coalesce async requests by a key value, which is much more comprehensive and powerful.
200 timing reifyNode:node_modules/inflight Completed in 4857ms
201 timing reifyNode:node_modules/imurmurhash Completed in 4858ms
202 timing reifyNode:node_modules/glob-parent Completed in 4859ms
203 timing reifyNode:node_modules/fast-levenshtein Completed in 4863ms
204 timing reifyNode:node_modules/eslint-import-resolver-node Completed in 4864ms
205 timing reifyNode:node_modules/eslint-config-next Completed in 4865ms
206 timing reifyNode:node_modules/dir-glob Completed in 4880ms
207 timing reifyNode:node_modules/decamelize Completed in 4911ms
208 timing reifyNode:node_modules/color-name Completed in 4910ms
209 timing reifyNode:node_modules/brace-expansion Completed in 4911ms
210 timing reifyNode:node_modules/@types/json5 Completed in 5016ms
211 timing reifyNode:node_modules/@nolyfill/is-core-module Completed in 5018ms
212 timing reifyNode:node_modules/word-wrap Completed in 5100ms
213 timing reifyNode:node_modules/yocto-queue Completed in 5102ms
214 timing reifyNode:node_modules/y18n Completed in 5102ms
215 timing reifyNode:node_modules/strip-json-comments Completed in 5100ms
216 timing reifyNode:node_modules/supports-color Completed in 5106ms
217 timing reifyNode:node_modules/to-regex-range Completed in 5106ms
218 timing reifyNode:node_modules/strip-ansi Completed in 5106ms
219 timing reifyNode:node_modules/string-width Completed in 5107ms
220 timing reifyNode:node_modules/shebang-regex Completed in 5107ms
221 timing reifyNode:node_modules/slash Completed in 5114ms
222 timing reifyNode:node_modules/set-blocking Completed in 5114ms
223 timing reifyNode:node_modules/require-main-filename Completed in 5114ms
224 timing reifyNode:node_modules/queue-microtask Completed in 5240ms
225 timing reifyNode:node_modules/path-type Completed in 5240ms
226 timing reifyNode:node_modules/p-try Completed in 5240ms
227 timing reifyNode:node_modules/path-key Completed in 5242ms
228 timing reifyNode:node_modules/path-exists Completed in 5241ms
229 timing reifyNode:node_modules/p-locate Completed in 5242ms
230 timing reifyNode:node_modules/p-limit Completed in 5242ms
231 timing reifyNode:node_modules/lodash.includes Completed in 5247ms
232 timing reifyNode:node_modules/locate-path Completed in 5248ms
233 timing reifyNode:node_modules/lru-cache Completed in 5249ms
234 timing reifyNode:node_modules/is-path-inside Completed in 5258ms
235 timing reifyNode:node_modules/is-glob Completed in 5261ms
236 timing reifyNode:node_modules/inherits Completed in 5261ms
237 timing reifyNode:node_modules/import-fresh Completed in 5260ms
238 timing reifyNode:node_modules/is-fullwidth-code-point Completed in 5263ms
239 timing reifyNode:node_modules/has-flag Completed in 5262ms
240 timing reifyNode:node_modules/find-up Completed in 5260ms
241 timing reifyNode:node_modules/fill-range Completed in 5263ms
242 timing reifyNode:node_modules/escape-string-regexp Completed in 5261ms
243 timing reifyNode:node_modules/camelcase Completed in 5260ms
244 timing reifyNode:node_modules/callsites Completed in 5261ms
245 timing reifyNode:node_modules/array-union Completed in 5262ms
246 timing reifyNode:node_modules/ansi-regex Completed in 5264ms
247 timing reifyNode:node_modules/yargs/node_modules/locate-path Completed in 5298ms
248 timing reifyNode:node_modules/yargs/node_modules/p-locate Completed in 5299ms
249 timing reifyNode:node_modules/yargs/node_modules/find-up Completed in 5299ms
250 timing reifyNode:node_modules/yargs/node_modules/p-limit Completed in 5300ms
251 timing reifyNode:node_modules/fast-glob/node_modules/glob-parent Completed in 5279ms
252 timing reifyNode:node_modules/yallist Completed in 5302ms
253 timing reifyNode:node_modules/js-tokens Completed in 5312ms
254 timing reifyNode:node_modules/glob-to-regexp Completed in 5314ms
255 timing reifyNode:node_modules/get-caller-file Completed in 5315ms
256 timing reifyNode:node_modules/fs.realpath Completed in 5316ms
257 timing reifyNode:node_modules/esrecurse Completed in 5315ms
258 timing reifyNode:node_modules/ansi-styles Completed in 5313ms
259 timing reifyNode:node_modules/@rtsao/scc Completed in 5312ms
260 timing reifyNode:node_modules/@prisma/engines-version Completed in 5313ms
261 timing reifyNode:node_modules/picocolors Completed in 5350ms
262 timing reifyNode:node_modules/mime-types Completed in 5402ms
263 timing reifyNode:node_modules/jwa Completed in 5403ms
264 timing reifyNode:node_modules/graceful-fs Completed in 5405ms
265 timing reifyNode:node_modules/file-entry-cache Completed in 5406ms
266 timing reifyNode:node_modules/cookie Completed in 5409ms
267 timing reifyNode:node_modules/cliui Completed in 5410ms
268 timing reifyNode:node_modules/buffer-equal-constant-time Completed in 5410ms
269 warn deprecated @humanwhocodes/config-array@0.13.0: Use @eslint/config-array instead
270 timing reifyNode:node_modules/@humanwhocodes/config-array Completed in 5410ms
271 timing reifyNode:node_modules/unrs-resolver Completed in 5447ms
272 timing reifyNode:node_modules/safe-buffer Completed in 5457ms
273 timing reifyNode:node_modules/require-directory Completed in 5457ms
274 timing reifyNode:node_modules/micromatch Completed in 5462ms
275 timing reifyNode:node_modules/lodash.merge Completed in 5463ms
276 timing reifyNode:node_modules/acorn-jsx Completed in 5469ms
277 http fetch GET 200 https://registry.npmjs.org/minimatch/-/minimatch-3.1.3.tgz 4384ms (cache miss)
278 timing reifyNode:node_modules/minimatch Completed in 5498ms
279 warn deprecated rimraf@3.0.2: Rimraf versions prior to v4 are no longer supported
280 timing reifyNode:node_modules/rimraf Completed in 5776ms
281 timing reifyNode:node_modules/punycode Completed in 5775ms
282 timing reifyNode:node_modules/oidc-token-hash Completed in 5793ms
283 timing reifyNode:node_modules/loose-envify Completed in 5796ms
284 timing reifyNode:node_modules/globby Completed in 5797ms
285 timing reifyNode:node_modules/color-convert Completed in 5792ms
286 timing reifyNode:node_modules/@next/env Completed in 5790ms
287 timing reifyNode:node_modules/stable-hash Completed in 5827ms
288 timing reifyNode:node_modules/globals Completed in 5849ms
289 timing reifyNode:node_modules/follow-redirects Completed in 5850ms
290 timing reifyNode:node_modules/estraverse Completed in 5848ms
291 timing reifyNode:node_modules/combined-stream Completed in 5847ms
292 timing reifyNode:node_modules/balanced-match Completed in 5847ms
293 silly tarball no local data for @rushstack/eslint-patch@https://registry.npmjs.org/@rushstack/eslint-patch/-/eslint-patch-1.16.1.tgz. Extracting by manifest.
294 timing reifyNode:node_modules/@typescript-eslint/typescript-estree/node_modules/brace-expansion Completed in 5856ms
295 timing reifyNode:node_modules/proxy-from-env Completed in 5890ms
296 timing reifyNode:node_modules/json-buffer Completed in 5893ms
297 timing reifyNode:node_modules/keyv Completed in 5894ms
298 timing reifyNode:node_modules/delayed-stream Completed in 5891ms
299 timing reifyNode:node_modules/which Completed in 5927ms
300 timing reifyNode:node_modules/type-check Completed in 5927ms
301 timing reifyNode:node_modules/resolve-pkg-maps Completed in 5927ms
302 timing reifyNode:node_modules/ignore Completed in 6213ms
303 warn deprecated glob@7.1.7: Old versions of glob are not supported, and contain widely publicized security vulnerabilities, which have been fixed in the current version. Please update. Support for old versions may be purchased (at exorbitant rates) by contacting i@izs.me
304 timing reifyNode:node_modules/glob Completed in 6215ms
305 timing reifyNode:node_modules/dijkstrajs Completed in 6231ms
306 timing reifyNode:node_modules/@next-auth/prisma-adapter Completed in 6250ms
307 timing reifyNode:node_modules/pretty-format Completed in 6285ms
308 timing reifyNode:node_modules/levn Completed in 6294ms
309 timing reifyNode:node_modules/language-tags Completed in 6295ms
310 timing reifyNode:node_modules/damerau-levenshtein Completed in 6296ms
311 timing reifyNode:node_modules/debug Completed in 6297ms
312 timing reifyNode:node_modules/concat-map Completed in 6296ms
313 timing reifyNode:node_modules/object-hash Completed in 6356ms
314 timing reifyNode:node_modules/isexe Completed in 6356ms
315 timing reifyNode:node_modules/flat-cache Completed in 6355ms
316 timing reifyNode:node_modules/ecdsa-sig-formatter Completed in 6356ms
317 timing reifyNode:node_modules/@prisma/debug Completed in 6353ms
318 timing reifyNode:node_modules/react-is Completed in 6386ms
319 timing reifyNode:node_modules/optionator Completed in 6386ms
320 timing reifyNode:node_modules/hasown Completed in 6384ms
321 timing reifyNode:node_modules/is-bun-module Completed in 6386ms
322 timing reifyNode:node_modules/deep-is Completed in 6382ms
323 timing reifyNode:node_modules/chalk Completed in 6382ms
324 warn deprecated @humanwhocodes/object-schema@2.0.3: Use @eslint/object-schema instead
325 timing reifyNode:node_modules/@humanwhocodes/object-schema Completed in 6382ms
326 timing reifyNode:node_modules/tinyglobby Completed in 6418ms
327 timing reifyNode:node_modules/supports-preserve-symlinks-flag Completed in 6419ms
328 timing reifyNode:node_modules/set-function-name Completed in 6418ms
329 timing reifyNode:node_modules/possible-typed-array-names Completed in 6416ms
330 timing reifyNode:node_modules/iterator.prototype Completed in 6422ms
331 timing reifyNode:node_modules/define-properties Completed in 6427ms
332 timing reifyNode:node_modules/string-width/node_modules/emoji-regex Completed in 6461ms
333 timing reifyNode:node_modules/typed-array-byte-length Completed in 6465ms
334 timing reifyNode:node_modules/yargs-parser Completed in 6469ms
335 timing reifyNode:node_modules/typed-array-length Completed in 6466ms
336 timing reifyNode:node_modules/typed-array-buffer Completed in 6467ms
337 timing reifyNode:node_modules/stop-iteration-iterator Completed in 6465ms
338 timing reifyNode:node_modules/safe-regex-test Completed in 6466ms
339 timing reifyNode:node_modules/safe-push-apply Completed in 6467ms
340 timing reifyNode:node_modules/jws Completed in 6463ms
341 timing reifyNode:node_modules/has-property-descriptors Completed in 6463ms
342 timing reifyNode:node_modules/es-set-tostringtag Completed in 6459ms
343 timing reifyNode:node_modules/call-bound Completed in 6458ms
344 timing reifyNode:node_modules/ast-types-flow Completed in 6460ms
345 timing reifyNode:node_modules/node-exports-info/node_modules/semver Completed in 6481ms
346 timing reifyNode:node_modules/eslint-plugin-react/node_modules/semver Completed in 6486ms
347 timing reifyNode:node_modules/eslint-plugin-import/node_modules/debug Completed in 6486ms
348 timing reifyNode:node_modules/eslint-plugin-import/node_modules/semver Completed in 6488ms
349 timing reifyNode:node_modules/eslint-module-utils/node_modules/debug Completed in 6488ms
350 timing reifyNode:node_modules/eslint-import-resolver-node/node_modules/debug Completed in 6489ms
351 timing reifyNode:node_modules/side-channel-weakmap Completed in 6510ms
352 timing reifyNode:node_modules/is-typed-array Completed in 6505ms
353 timing reifyNode:node_modules/is-negative-zero Completed in 6506ms
354 timing reifyNode:node_modules/is-regex Completed in 6507ms
355 timing reifyNode:node_modules/is-core-module Completed in 6506ms
356 timing reifyNode:node_modules/is-async-function Completed in 6508ms
357 timing reifyNode:node_modules/functions-have-names Completed in 6506ms
358 timing reifyNode:node_modules/fast-deep-equal Completed in 6505ms
359 timing reifyNode:node_modules/esutils Completed in 6507ms
360 timing reifyNode:node_modules/@typescript-eslint/parser Completed in 6499ms
361 timing reifyNode:node_modules/@eslint/js Completed in 6498ms
362 timing reifyNode:node_modules/@humanwhocodes/module-importer Completed in 6499ms
363 timing reifyNode:node_modules/tinyglobby/node_modules/fdir Completed in 6533ms
364 timing reifyNode:node_modules/which-builtin-type Completed in 6536ms
365 timing reifyNode:node_modules/which-collection Completed in 6537ms
366 timing reifyNode:node_modules/typed-array-byte-offset Completed in 6537ms
367 timing reifyNode:node_modules/side-channel-list Completed in 6535ms
368 timing reifyNode:node_modules/set-function-length Completed in 6537ms
369 timing reifyNode:node_modules/safe-array-concat Completed in 6537ms
370 timing reifyNode:node_modules/prelude-ls Completed in 6538ms
371 timing reifyNode:node_modules/own-keys Completed in 6538ms
372 timing reifyNode:node_modules/is-weakref Completed in 6537ms
373 timing reifyNode:node_modules/is-shared-array-buffer Completed in 6537ms
374 timing reifyNode:node_modules/is-finalizationregistry Completed in 6538ms
375 timing reifyNode:node_modules/is-bigint Completed in 6539ms
376 timing reifyNode:node_modules/is-array-buffer Completed in 6541ms
377 timing reifyNode:node_modules/has-bigints Completed in 6541ms
378 timing reifyNode:node_modules/eslint-visitor-keys Completed in 6539ms
379 timing reifyNode:node_modules/eslint-plugin-react-hooks Completed in 6540ms
380 timing reifyNode:node_modules/es-define-property Completed in 6540ms
381 timing reifyNode:node_modules/data-view-byte-length Completed in 6539ms
382 timing reifyNode:node_modules/data-view-buffer Completed in 6539ms
383 timing reifyNode:node_modules/data-view-byte-offset Completed in 6540ms
384 timing reifyNode:node_modules/cross-spawn Completed in 6540ms
385 timing reifyNode:node_modules/braces Completed in 6539ms
386 timing reifyNode:node_modules/available-typed-arrays Completed in 6540ms
387 timing reifyNode:node_modules/array-buffer-byte-length Completed in 6540ms
388 timing reifyNode:node_modules/which-boxed-primitive Completed in 6573ms
389 timing reifyNode:node_modules/unbox-primitive Completed in 6573ms
390 timing reifyNode:node_modules/watchpack Completed in 6575ms
391 timing reifyNode:node_modules/side-channel-map Completed in 6572ms
392 timing reifyNode:node_modules/side-channel Completed in 6573ms
393 timing reifyNode:node_modules/object-keys Completed in 6570ms
394 timing reifyNode:node_modules/mime-db Completed in 6571ms
395 timing reifyNode:node_modules/is-weakmap Completed in 6569ms
396 timing reifyNode:node_modules/is-symbol Completed in 6569ms
397 timing reifyNode:node_modules/is-string Completed in 6569ms
398 timing reifyNode:node_modules/is-number-object Completed in 6569ms
399 timing reifyNode:node_modules/is-date-object Completed in 6568ms
400 timing reifyNode:node_modules/is-generator-function Completed in 6569ms
401 timing reifyNode:node_modules/internal-slot Completed in 6569ms
402 timing reifyNode:node_modules/is-data-view Completed in 6569ms
403 timing reifyNode:node_modules/is-callable Completed in 6570ms
404 timing reifyNode:node_modules/gopd Completed in 6568ms
405 timing reifyNode:node_modules/es-shim-unscopables Completed in 6564ms
406 timing reifyNode:node_modules/call-bind Completed in 6561ms
407 timing reifyNode:node_modules/@typescript-eslint/visitor-keys Completed in 6562ms
408 timing reifyNode:node_modules/string.prototype.trimstart Completed in 6597ms
409 timing reifyNode:node_modules/string.prototype.repeat Completed in 6598ms
410 timing reifyNode:node_modules/reflect.getprototypeof Completed in 6596ms
411 timing reifyNode:node_modules/object.fromentries Completed in 6592ms
412 timing reifyNode:node_modules/json-schema-traverse Completed in 6593ms
413 timing reifyNode:node_modules/is-map Completed in 6592ms
414 timing reifyNode:node_modules/is-weakset Completed in 6593ms
415 timing reifyNode:node_modules/is-set Completed in 6593ms
416 timing reifyNode:node_modules/get-intrinsic Completed in 6591ms
417 timing reifyNode:node_modules/get-symbol-description Completed in 6592ms
418 timing reifyNode:node_modules/form-data Completed in 6592ms
419 timing reifyNode:node_modules/eslint-import-resolver-typescript Completed in 6588ms
420 timing reifyNode:node_modules/dunder-proto Completed in 6587ms
421 timing reifyNode:node_modules/define-data-property Completed in 6586ms
422 timing reifyNode:node_modules/async-function Completed in 6585ms
423 timing reifyNode:node_modules/tinyglobby/node_modules/picomatch Completed in 6615ms
424 timing reifyNode:node_modules/text-table Completed in 6617ms
425 timing reifyNode:node_modules/streamsearch Completed in 6616ms
426 timing reifyNode:node_modules/picomatch Completed in 6613ms
427 timing reifyNode:node_modules/has-proto Completed in 6607ms
428 timing reifyNode:node_modules/is-boolean-object Completed in 6609ms
429 timing reifyNode:node_modules/function-bind Completed in 6607ms
430 timing reifyNode:node_modules/espree Completed in 6606ms
431 timing reifyNode:node_modules/es-object-atoms Completed in 6603ms
432 timing reifyNode:node_modules/doctrine Completed in 6603ms
433 timing reifyNode:node_modules/arraybuffer.prototype.slice Completed in 6599ms
434 timing reifyNode:node_modules/argparse Completed in 6600ms
435 timing reifyNode:node_modules/eslint-plugin-react/node_modules/doctrine Completed in 6611ms
436 timing reifyNode:node_modules/eslint-plugin-import/node_modules/doctrine Completed in 6612ms
437 timing reifyNode:node_modules/string.prototype.trimend Completed in 6632ms
438 timing reifyNode:node_modules/set-proto Completed in 6631ms
439 timing reifyNode:node_modules/generator-function Completed in 6622ms
440 timing reifyNode:node_modules/get-proto Completed in 6624ms
441 timing reifyNode:node_modules/for-each Completed in 6623ms
442 timing reifyNode:node_modules/which-typed-array Completed in 6648ms
443 timing reifyNode:node_modules/prop-types Completed in 6644ms
444 timing reifyNode:node_modules/object.groupby Completed in 6642ms
445 timing reifyNode:node_modules/object.values Completed in 6644ms
446 timing reifyNode:node_modules/json-stable-stringify-without-jsonify Completed in 6642ms
447 timing reifyNode:node_modules/json5 Completed in 6643ms
448 http fetch GET 200 https://registry.npmjs.org/minimatch 6122ms (cache miss)
449 timing metavuln:packument:minimatch Completed in 6126ms
450 timing metavuln:load:security-advisory:minimatch:1113465 Completed in 10ms
451 timing metavuln:load:security-advisory:minimatch:1113544 Completed in 7ms
452 timing metavuln:load:security-advisory:minimatch:1113546 Completed in 8ms
453 timing metavuln:load:security-advisory:minimatch:1113552 Completed in 10ms
454 timing reifyNode:node_modules/globalthis Completed in 6681ms
455 timing reifyNode:node_modules/array.prototype.tosorted Completed in 6674ms
456 timing reifyNode:node_modules/array.prototype.findlastindex Completed in 6676ms
457 timing reifyNode:node_modules/array.prototype.flat Completed in 6682ms
458 timing reifyNode:node_modules/string.prototype.trim Completed in 6713ms
459 timing reifyNode:node_modules/jsonwebtoken Completed in 6709ms
460 timing reifyNode:node_modules/fastq Completed in 6708ms
461 timing reifyNode:node_modules/get-tsconfig Completed in 6725ms
462 timing reifyNode:node_modules/asynckit Completed in 6719ms
463 timing reifyNode:node_modules/array-includes Completed in 6729ms
464 timing reifyNode:node_modules/string.prototype.matchall Completed in 6763ms
465 timing reifyNode:node_modules/regexp.prototype.flags Completed in 6761ms
466 timing reifyNode:node_modules/fast-json-stable-stringify Completed in 6754ms
467 timing reifyNode:node_modules/flatted Completed in 6755ms
468 timing reifyNode:node_modules/@prisma/engines Completed in 6744ms
469 timing reifyNode:node_modules/tslib Completed in 6777ms
470 timing reifyNode:node_modules/object.entries Completed in 6772ms
471 timing reifyNode:node_modules/array.prototype.flatmap Completed in 6757ms
472 timing reifyNode:node_modules/array.prototype.findlast Completed in 6758ms
473 timing reifyNode:node_modules/@emnapi/wasi-threads Completed in 6766ms
474 timing reifyNode:node_modules/reusify Completed in 6797ms
475 timing reifyNode:node_modules/has-tostringtag Completed in 6791ms
476 timing reifyNode:node_modules/call-bind-apply-helpers Completed in 6781ms
477 timing reifyNode:node_modules/function.prototype.name Completed in 6798ms
478 timing reifyNode:node_modules/es-errors Completed in 6794ms
479 timing reifyNode:node_modules/emoji-regex Completed in 6795ms
480 timing reifyNode:node_modules/@ungap/structured-clone Completed in 6788ms
481 timing reifyNode:node_modules/has-symbols Completed in 6811ms
482 timing reifyNode:node_modules/eslint-scope Completed in 6808ms
483 timing reifyNode:node_modules/string.prototype.includes Completed in 6845ms
484 timing reifyNode:node_modules/object.assign Completed in 6840ms
485 timing reifyNode:node_modules/scheduler Completed in 6851ms
486 timing reifyNode:node_modules/napi-postinstall Completed in 6857ms
487 timing reifyNode:node_modules/eslint-module-utils Completed in 6847ms
488 timing reifyNode:node_modules/es-to-primitive Completed in 6849ms
489 timing metavuln:cache:put:security-advisory:minimatch:B00WbbnnDNaFGA7l9BgrTioYpRMzU4+U8SUF8cn65LwArJAK0O380QwyP/UyxPr7i9XUjX9/AADC41/edu9OrA== Completed in 203ms
490 timing metavuln:calculate:security-advisory:minimatch:1113465 Completed in 6340ms
491 timing metavuln:cache:put:security-advisory:minimatch:IBqefxF0lKwSFXzwGHp5L8khqSaPYY99x0GHtXNH4YxtdIexeL4FFPzrnnBvkhgmGDEWHo3XAgpPYGyM1jidQQ== Completed in 175ms
492 timing metavuln:calculate:security-advisory:minimatch:1113552 Completed in 6340ms
493 timing reifyNode:node_modules/source-map-js Completed in 6873ms
494 timing reifyNode:node_modules/ts-api-utils Completed in 6875ms
495 timing reifyNode:node_modules/minimist Completed in 6869ms
496 timing reifyNode:node_modules/nanoid Completed in 6876ms
497 timing metavuln:cache:put:security-advisory:minimatch:tJ9Z2VGWqiQfLaVKxc9K/6Rz1g70Mpl3An4UK+K1lyHdz27vYPzhMIkC4jRGAN2wpssY+8l13Ql259B6zkaX/Q== Completed in 208ms
498 timing metavuln:calculate:security-advisory:minimatch:1113544 Completed in 6353ms
499 timing metavuln:cache:put:security-advisory:minimatch:tdaAHfWGUw/nl/W8ALWVH+LvG2E3gvo3P2FI/fVPxm3aZteLxWMOEuk/9iDk5O0/cZN/GRXnabt/mW/bfUoL/g== Completed in 204ms
500 timing metavuln:calculate:security-advisory:minimatch:1113546 Completed in 6357ms
501 timing reifyNode:node_modules/@eslint-community/regexpp Completed in 6857ms
502 timing reifyNode:node_modules/@eslint-community/eslint-utils Completed in 6884ms
503 http fetch GET 200 https://registry.npmjs.org/node-exports-info/-/node-exports-info-1.6.0.tgz 3907ms (cache miss)
504 timing reifyNode:node_modules/math-intrinsics Completed in 6929ms
505 timing reifyNode:node_modules/@emnapi/runtime Completed in 6913ms
506 timing reifyNode:node_modules/react Completed in 6942ms
507 timing reifyNode:node_modules/node-exports-info Completed in 6948ms
508 timing reifyNode:node_modules/@typescript-eslint/types Completed in 6928ms
509 timing reifyNode:node_modules/oauth Completed in 6966ms
510 timing reifyNode:node_modules/busboy Completed in 6949ms
511 timing reifyNode:node_modules/@next/eslint-plugin-next Completed in 6962ms
512 timing reifyNode:node_modules/object-inspect Completed in 6988ms
513 http fetch GET 200 https://registry.npmjs.org/acorn/-/acorn-8.16.0.tgz 3610ms (cache miss)
514 timing reifyNode:node_modules/acorn Completed in 6978ms
515 timing reifyNode:node_modules/openid-client Completed in 7008ms
516 timing reifyNode:node_modules/type-fest Completed in 7019ms
517 timing reifyNode:node_modules/@panva/hkdf Completed in 7022ms
518 timing reifyNode:node_modules/semver Completed in 7066ms
519 timing reifyNode:node_modules/graphemer Completed in 7081ms
520 timing reifyNode:node_modules/preact-render-to-string Completed in 7097ms
521 timing reifyNode:node_modules/js-yaml Completed in 7110ms
522 timing reifyNode:node_modules/qrcode Completed in 7119ms
523 timing reifyNode:node_modules/postcss Completed in 7138ms
524 timing reifyNode:node_modules/esquery Completed in 7175ms
525 timing reifyNode:node_modules/@prisma/get-platform Completed in 7165ms
526 timing reifyNode:node_modules/@eslint/eslintrc Completed in 7188ms
527 timing reifyNode:node_modules/@typescript-eslint/typescript-estree/node_modules/minimatch Completed in 7197ms
528 timing reifyNode:node_modules/uuid Completed in 7251ms
529 timing reifyNode:node_modules/uri-js Completed in 7254ms
530 timing reifyNode:node_modules/styled-jsx Completed in 7258ms
531 timing reifyNode:node_modules/@tybys/wasm-util Completed in 7250ms
532 timing reifyNode:node_modules/tsconfig-paths Completed in 7363ms
533 timing reifyNode:node_modules/language-subtag-registry Completed in 7363ms
534 timing reifyNode:node_modules/@unrs/resolver-binding-darwin-x64 Completed in 7351ms
535 timing reifyNode:node_modules/@emnapi/core Completed in 7389ms
536 timing reifyNode:node_modules/@prisma/fetch-engine Completed in 7468ms
537 timing reifyNode:node_modules/csv-parse Completed in 7540ms
538 timing reifyNode:node_modules/axobject-query Completed in 7550ms
539 timing reifyNode:node_modules/jsx-ast-utils Completed in 7566ms
540 http fetch GET 200 https://registry.npmjs.org/ajv/-/ajv-6.14.0.tgz 3156ms (cache miss)
541 timing reifyNode:node_modules/ajv Completed in 7676ms
542 timing reifyNode:node_modules/es-iterator-helpers Completed in 7698ms
543 timing reifyNode:node_modules/aria-query Completed in 7738ms
544 http fetch GET 200 https://registry.npmjs.org/@rushstack/eslint-patch/-/eslint-patch-1.16.1.tgz 1887ms (cache miss)
545 timing reifyNode:node_modules/@rushstack/eslint-patch Completed in 7744ms
546 timing reifyNode:node_modules/@typescript-eslint/typescript-estree Completed in 7761ms
547 timing reifyNode:node_modules/axe-core Completed in 7801ms
548 http fetch GET 200 https://registry.npmjs.org/@stripe/stripe-js/-/stripe-js-8.8.0.tgz 7713ms (cache miss)
549 timing reifyNode:node_modules/@stripe/stripe-js Completed in 7916ms
550 timing reifyNode:node_modules/@babel/runtime Completed in 7928ms
551 timing reifyNode:node_modules/eslint-plugin-import Completed in 7943ms
552 timing reifyNode:node_modules/axios Completed in 7980ms
553 http fetch GET 200 https://registry.npmjs.org/preact/-/preact-10.28.4.tgz 3559ms (cache miss)
554 timing reifyNode:node_modules/react-dom Completed in 8057ms
555 timing reifyNode:node_modules/preact Completed in 8059ms
556 timing reifyNode:node_modules/eslint-plugin-jsx-a11y Completed in 8102ms
557 timing reifyNode:node_modules/@napi-rs/wasm-runtime Completed in 8433ms
558 timing reifyNode:node_modules/eslint-plugin-react Completed in 8506ms
559 timing reifyNode:node_modules/@prisma/client Completed in 8592ms
560 timing reifyNode:node_modules/next-auth Completed in 8750ms
561 timing reifyNode:node_modules/@typescript-eslint/scope-manager Completed in 8751ms
562 timing reifyNode:node_modules/jose Completed in 8836ms
563 timing reifyNode:node_modules/@swc/helpers Completed in 8878ms
564 warn deprecated eslint@8.57.1: This version is no longer supported. Please see https://eslint.org/version-support for other options.
565 timing reifyNode:node_modules/eslint Completed in 8962ms
566 http fetch GET 200 https://registry.npmjs.org/caniuse-lite/-/caniuse-lite-1.0.30001774.tgz 4934ms (cache miss)
567 timing reifyNode:node_modules/caniuse-lite Completed in 9454ms
568 http fetch GET 200 https://registry.npmjs.org/stripe/-/stripe-20.4.0.tgz 9436ms (cache miss)
569 timing reifyNode:node_modules/stripe Completed in 9625ms
570 http fetch GET 200 https://registry.npmjs.org/next 9319ms (cache updated)
571 timing metavuln:packument:next Completed in 10106ms
572 timing metavuln:load:security-advisory:next:1100421 Completed in 180ms
573 timing metavuln:load:security-advisory:next:1105461 Completed in 134ms
574 timing metavuln:load:security-advisory:next:1111391 Completed in 119ms
575 timing metavuln:load:security-advisory:next:1107226 Completed in 146ms
576 timing metavuln:load:security-advisory:next:1107420 Completed in 142ms
577 timing metavuln:load:security-advisory:next:1107512 Completed in 154ms
578 timing metavuln:load:security-advisory:next:1107513 Completed in 150ms
579 timing metavuln:load:security-advisory:next:1112182 Completed in 121ms
580 timing metavuln:load:security-advisory:next:1108291 Completed in 151ms
581 timing metavuln:load:security-advisory:next:1112593 Completed in 157ms
582 timing metavuln:load:security-advisory:next:1112653 Completed in 134ms
583 timing metavuln:load:security-advisory:next:1097295 Completed in 127ms
584 timing metavuln:cache:put:security-advisory:next:VmINk4sjQ5jqxRvJ2axYcaD3FqreNBMC4jAobfjDjUAn5dOOUzgsn/LLTyEYZvi7HDGR/ppGR9Jxp8UWVvHDIw== Completed in 752ms
585 timing metavuln:calculate:security-advisory:next:1107513 Completed in 11899ms
586 timing metavuln:cache:put:security-advisory:next:m1juSglhJQv6nr2Qd3fhaBRO3xSWDkIwePr5Y8MKgwiMDtGjVAtSoOHMXp3f9z6nPLepu8CsJK3YosBO7hEskA== Completed in 629ms
587 timing metavuln:calculate:security-advisory:next:1112182 Completed in 11900ms
588 timing metavuln:cache:put:security-advisory:next:1RRZLAEdZ/XleXHoq279ILkZMiKyW77ZwtE5QzPtyre4x1QWgVmP0i9dSfz4gJebeiXjCYB49g8nOIfNiSjcYQ== Completed in 1062ms
589 timing metavuln:calculate:security-advisory:next:1107420 Completed in 11900ms
590 timing metavuln:cache:put:security-advisory:next:3YEnowU0F/efIZFkDoFxQZjNq2qcmakBCRjEbrgPcrnqNOUxoJgvhg+PrXGQZbW/4yvsmMJX4gbpxuAhPD8bvg== Completed in 477ms
591 timing metavuln:calculate:security-advisory:next:1108291 Completed in 11901ms
592 timing metavuln:cache:put:security-advisory:next:KuoIS+OJYYdcOMvBUpM2m/4qAW2cZRXPz4dIg3E9TqUkPK1mM5snZkK64pq9phR6fTlXb04DR04ka7VXaspoFg== Completed in 50ms
593 timing metavuln:calculate:security-advisory:next:1097295 Completed in 11901ms
594 timing metavuln:cache:put:security-advisory:next:ItJZ7qy1iUzxbodxayiejQRfV5cCQvX0fnpMwXLDBxbVruEW2O3qtQbmcGQKdCKBR49CjNmJDt46lWVTov1sQA== Completed in 319ms
595 timing metavuln:calculate:security-advisory:next:1112593 Completed in 11902ms
596 timing metavuln:cache:put:security-advisory:next:owasql2RGfaRn6gCrEIYc1sLXkl1GuxqJbyX4pwqCr7f/tVRvnWuaIoanwkbKZ9RBWsvTnyiF9QrYyjzAdBqCg== Completed in 182ms
597 timing metavuln:calculate:security-advisory:next:1112653 Completed in 11902ms
598 timing metavuln:cache:put:security-advisory:next:kXDE+ksbJYUI4TFImWPb/49o4hwXXT1nqPUeSTV/SE/IB3qFFazOXmXgn5PPbKkz9ewVGi6qMNNgGfrNX4hqIg== Completed in 1358ms
599 timing metavuln:calculate:security-advisory:next:1111391 Completed in 11904ms
600 timing metavuln:cache:put:security-advisory:next:d2hMvT1neRk1OILN6KsQ2L4sjWpIe19WxzSQJivjdzJVb/hhXgpN5SXMC++Yae4yKIQkpUsP465F2rfLyKo4PA== Completed in 1619ms
601 timing metavuln:calculate:security-advisory:next:1100421 Completed in 11906ms
602 timing metavuln:cache:put:security-advisory:next:+SMXIcdP7mb700j3lAUXRoUbwPUmDwsGMfkqi8EBxAInsFmBr7fDz7ceH3WCcBFoF44s9qJcAZp3YRfZSyk8qw== Completed in 909ms
603 timing metavuln:calculate:security-advisory:next:1107512 Completed in 11904ms
604 timing metavuln:cache:put:security-advisory:next:WrVaG6WkSvpCYPPQKNUv2SLuXz5XL9xKn9KHPtqw/Y+V4JFUbfvGu7iPZR/4d1/dHzlII2csAkP3UXbKSPpZTA== Completed in 1482ms
605 timing metavuln:calculate:security-advisory:next:1105461 Completed in 11905ms
606 timing metavuln:cache:put:security-advisory:next:WQCkHVGQkg6zsfYbmLOI+zBNEYhu4v1g6kXs5vVSFeehybhiXOKxuSPsV71Q4mBoY+gct03Ww794KjXwXHvGWA== Completed in 1215ms
607 timing metavuln:calculate:security-advisory:next:1107226 Completed in 11909ms
608 timing metavuln:cache:get:security-advisory:@typescript-eslint/typescript-estree:Nhz0xCqWvb+VTRICJQC30ctuIxO4zAgpLCHbzLpRCtzo4N+xQCBfztfMr8ZGv8tb05mMcK6mvwg0cRuca1jQ8Q== Completed in 2ms
609 timing reifyNode:node_modules/typescript Completed in 12493ms
610 http fetch GET 200 https://registry.npmjs.org/@typescript-eslint%2ftypescript-estree 681ms (cache miss)
611 timing metavuln:packument:@typescript-eslint/typescript-estree Completed in 774ms
612 timing metavuln:load:security-advisory:@typescript-eslint/typescript-estree:B00WbbnnDNaFGA7l9BgrTioYpRMzU4+U8SUF8cn65LwArJAK0O380QwyP/UyxPr7i9XUjX9/AADC41/edu9OrA== Completed in 413ms
613 timing metavuln:cache:put:security-advisory:@typescript-eslint/typescript-estree:Nhz0xCqWvb+VTRICJQC30ctuIxO4zAgpLCHbzLpRCtzo4N+xQCBfztfMr8ZGv8tb05mMcK6mvwg0cRuca1jQ8Q== Completed in 28ms
614 timing metavuln:calculate:security-advisory:@typescript-eslint/typescript-estree:B00WbbnnDNaFGA7l9BgrTioYpRMzU4+U8SUF8cn65LwArJAK0O380QwyP/UyxPr7i9XUjX9/AADC41/edu9OrA== Completed in 1217ms
615 timing metavuln:cache:get:security-advisory:@eslint/eslintrc:ZailR+hrR93bXoozH+aVgDUiIFSHBSp1ZJDDGVzMwbOEOX/EAVh9iXENWUQ47NiU72vbhFqXnDQz5roa0mgu2w== Completed in 9ms
616 timing metavuln:cache:get:security-advisory:@humanwhocodes/config-array:CrdK6Bl4b6yh10EymB0TxpHs41JGyW4fF3qDz4X02T3P7y/OGUZtnvLLKrVGM1qwo7E+0p4DV6mn5vl9n/wKHw== Completed in 9ms
617 timing metavuln:cache:get:security-advisory:eslint:kUWzNTi6xV/OewISa+iRa4qq6awx1mYjhKo6rpBvt3k3r2PJDHEx4B7M+DyJmCCBUWMBS/e8Q1CzAKXoO4vwPw== Completed in 9ms
618 timing metavuln:cache:get:security-advisory:eslint-plugin-import:/BmYGdPU4H2f8pUS0QKzpjCbIyLxx9Y5GpQH+F07y3eOXdkN5J99WHaz8H6EJqtqJwPq4UFQ5YbPhXuKNdeJqA== Completed in 8ms
619 timing metavuln:cache:get:security-advisory:eslint-plugin-jsx-a11y:sDf6gil6Eye+JYJprlnCoJEv7yQBNVHogv16KGfbjbiHetix7zj+A+0GM5pPd+rexEjC8YI1ZjWYn5G/kgs3ug== Completed in 7ms
620 timing metavuln:cache:get:security-advisory:eslint-plugin-react:7Ctbek43ddP+n9Q388P7LvaLZWY3oMSA9/e62bzj3W20ZLfxnyus+6/CYfEiKhXh4f9vjWVIrHO/id07S2Wfvw== Completed in 6ms
621 timing metavuln:cache:get:security-advisory:glob:cykYmob1P2LkBabMv9cQOBdNluERBrVxHKomDPS5OwgsYtzYIPZk81qr8R4zBVh9+f7oj3se6UxOxmegOCCDvw== Completed in 5ms
622 http fetch GET 200 https://registry.npmjs.org/glob 99ms (cache miss)
623 timing metavuln:packument:glob Completed in 103ms
624 timing metavuln:load:security-advisory:glob:tdaAHfWGUw/nl/W8ALWVH+LvG2E3gvo3P2FI/fVPxm3aZteLxWMOEuk/9iDk5O0/cZN/GRXnabt/mW/bfUoL/g== Completed in 39ms
625 http fetch GET 200 https://registry.npmjs.org/@humanwhocodes%2fconfig-array 170ms (cache miss)
626 timing metavuln:packument:@humanwhocodes/config-array Completed in 171ms
627 timing metavuln:load:security-advisory:@humanwhocodes/config-array:tdaAHfWGUw/nl/W8ALWVH+LvG2E3gvo3P2FI/fVPxm3aZteLxWMOEuk/9iDk5O0/cZN/GRXnabt/mW/bfUoL/g== Completed in 2ms
628 http fetch GET 200 https://registry.npmjs.org/@eslint%2feslintrc 179ms (cache updated)
629 timing metavuln:packument:@eslint/eslintrc Completed in 183ms
630 timing metavuln:load:security-advisory:@eslint/eslintrc:tdaAHfWGUw/nl/W8ALWVH+LvG2E3gvo3P2FI/fVPxm3aZteLxWMOEuk/9iDk5O0/cZN/GRXnabt/mW/bfUoL/g== Completed in 2ms
631 http fetch GET 200 https://registry.npmjs.org/eslint-plugin-jsx-a11y 188ms (cache revalidated)
632 timing metavuln:packument:eslint-plugin-jsx-a11y Completed in 192ms
633 timing metavuln:load:security-advisory:eslint-plugin-jsx-a11y:tdaAHfWGUw/nl/W8ALWVH+LvG2E3gvo3P2FI/fVPxm3aZteLxWMOEuk/9iDk5O0/cZN/GRXnabt/mW/bfUoL/g== Completed in 2ms
634 http fetch GET 200 https://registry.npmjs.org/eslint-plugin-react 194ms (cache revalidated)
635 timing metavuln:packument:eslint-plugin-react Completed in 200ms
636 timing metavuln:load:security-advisory:eslint-plugin-react:tdaAHfWGUw/nl/W8ALWVH+LvG2E3gvo3P2FI/fVPxm3aZteLxWMOEuk/9iDk5O0/cZN/GRXnabt/mW/bfUoL/g== Completed in 5ms
637 http fetch GET 200 https://registry.npmjs.org/eslint-plugin-import 209ms (cache revalidated)
638 timing metavuln:packument:eslint-plugin-import Completed in 215ms
639 timing metavuln:load:security-advisory:eslint-plugin-import:tdaAHfWGUw/nl/W8ALWVH+LvG2E3gvo3P2FI/fVPxm3aZteLxWMOEuk/9iDk5O0/cZN/GRXnabt/mW/bfUoL/g== Completed in 4ms
640 timing metavuln:cache:put:security-advisory:glob:cykYmob1P2LkBabMv9cQOBdNluERBrVxHKomDPS5OwgsYtzYIPZk81qr8R4zBVh9+f7oj3se6UxOxmegOCCDvw== Completed in 93ms
641 timing metavuln:calculate:security-advisory:glob:tdaAHfWGUw/nl/W8ALWVH+LvG2E3gvo3P2FI/fVPxm3aZteLxWMOEuk/9iDk5O0/cZN/GRXnabt/mW/bfUoL/g== Completed in 236ms
642 timing metavuln:cache:put:security-advisory:@humanwhocodes/config-array:CrdK6Bl4b6yh10EymB0TxpHs41JGyW4fF3qDz4X02T3P7y/OGUZtnvLLKrVGM1qwo7E+0p4DV6mn5vl9n/wKHw== Completed in 79ms
643 timing metavuln:calculate:security-advisory:@humanwhocodes/config-array:tdaAHfWGUw/nl/W8ALWVH+LvG2E3gvo3P2FI/fVPxm3aZteLxWMOEuk/9iDk5O0/cZN/GRXnabt/mW/bfUoL/g== Completed in 252ms
644 timing metavuln:cache:put:security-advisory:@eslint/eslintrc:ZailR+hrR93bXoozH+aVgDUiIFSHBSp1ZJDDGVzMwbOEOX/EAVh9iXENWUQ47NiU72vbhFqXnDQz5roa0mgu2w== Completed in 69ms
645 timing metavuln:calculate:security-advisory:@eslint/eslintrc:tdaAHfWGUw/nl/W8ALWVH+LvG2E3gvo3P2FI/fVPxm3aZteLxWMOEuk/9iDk5O0/cZN/GRXnabt/mW/bfUoL/g== Completed in 254ms
646 timing metavuln:cache:put:security-advisory:eslint-plugin-react:7Ctbek43ddP+n9Q388P7LvaLZWY3oMSA9/e62bzj3W20ZLfxnyus+6/CYfEiKhXh4f9vjWVIrHO/id07S2Wfvw== Completed in 46ms
647 timing metavuln:calculate:security-advisory:eslint-plugin-react:tdaAHfWGUw/nl/W8ALWVH+LvG2E3gvo3P2FI/fVPxm3aZteLxWMOEuk/9iDk5O0/cZN/GRXnabt/mW/bfUoL/g== Completed in 251ms
648 timing metavuln:cache:put:security-advisory:eslint-plugin-jsx-a11y:sDf6gil6Eye+JYJprlnCoJEv7yQBNVHogv16KGfbjbiHetix7zj+A+0GM5pPd+rexEjC8YI1ZjWYn5G/kgs3ug== Completed in 61ms
649 timing metavuln:calculate:security-advisory:eslint-plugin-jsx-a11y:tdaAHfWGUw/nl/W8ALWVH+LvG2E3gvo3P2FI/fVPxm3aZteLxWMOEuk/9iDk5O0/cZN/GRXnabt/mW/bfUoL/g== Completed in 255ms
650 timing metavuln:cache:put:security-advisory:eslint-plugin-import:/BmYGdPU4H2f8pUS0QKzpjCbIyLxx9Y5GpQH+F07y3eOXdkN5J99WHaz8H6EJqtqJwPq4UFQ5YbPhXuKNdeJqA== Completed in 41ms
651 timing metavuln:calculate:security-advisory:eslint-plugin-import:tdaAHfWGUw/nl/W8ALWVH+LvG2E3gvo3P2FI/fVPxm3aZteLxWMOEuk/9iDk5O0/cZN/GRXnabt/mW/bfUoL/g== Completed in 260ms
652 http fetch GET 200 https://registry.npmjs.org/eslint 347ms (cache updated)
653 timing metavuln:packument:eslint Completed in 375ms
654 timing metavuln:load:security-advisory:eslint:tdaAHfWGUw/nl/W8ALWVH+LvG2E3gvo3P2FI/fVPxm3aZteLxWMOEuk/9iDk5O0/cZN/GRXnabt/mW/bfUoL/g== Completed in 19ms
655 timing metavuln:cache:put:security-advisory:eslint:kUWzNTi6xV/OewISa+iRa4qq6awx1mYjhKo6rpBvt3k3r2PJDHEx4B7M+DyJmCCBUWMBS/e8Q1CzAKXoO4vwPw== Completed in 25ms
656 timing metavuln:calculate:security-advisory:eslint:tdaAHfWGUw/nl/W8ALWVH+LvG2E3gvo3P2FI/fVPxm3aZteLxWMOEuk/9iDk5O0/cZN/GRXnabt/mW/bfUoL/g== Completed in 420ms
657 timing metavuln:cache:get:security-advisory:next-auth:mzz2N3TMfyoEU/r2/f8LWxeRskF1uhvpeyUYS9zdHMAOxYgvULPEE4VI1eaRfAyzywEgfrZyXBoSRVIDqmdYZg== Completed in 85ms
658 http fetch GET 200 https://registry.npmjs.org/next-auth 159ms (cache revalidated)
659 timing metavuln:packument:next-auth Completed in 184ms
660 timing metavuln:load:security-advisory:next-auth:d2hMvT1neRk1OILN6KsQ2L4sjWpIe19WxzSQJivjdzJVb/hhXgpN5SXMC++Yae4yKIQkpUsP465F2rfLyKo4PA== Completed in 548ms
661 timing metavuln:cache:put:security-advisory:next-auth:mzz2N3TMfyoEU/r2/f8LWxeRskF1uhvpeyUYS9zdHMAOxYgvULPEE4VI1eaRfAyzywEgfrZyXBoSRVIDqmdYZg== Completed in 23ms
662 timing metavuln:calculate:security-advisory:next-auth:d2hMvT1neRk1OILN6KsQ2L4sjWpIe19WxzSQJivjdzJVb/hhXgpN5SXMC++Yae4yKIQkpUsP465F2rfLyKo4PA== Completed in 756ms
663 timing metavuln:cache:get:security-advisory:@typescript-eslint/parser:l8FoURi1vPdjcWzIpL7CN/UvdeIYUSGuS8fsFkUqBAqKUTagbcgg6Xz8Rre3gn17pM8SPgOMx8cT+hS24/U4Lg== Completed in 3ms
664 timing reifyNode:node_modules/es-abstract Completed in 14880ms
665 http fetch GET 200 https://registry.npmjs.org/@typescript-eslint%2fparser 495ms (cache updated)
666 timing metavuln:packument:@typescript-eslint/parser Completed in 591ms
667 timing metavuln:load:security-advisory:@typescript-eslint/parser:Nhz0xCqWvb+VTRICJQC30ctuIxO4zAgpLCHbzLpRCtzo4N+xQCBfztfMr8ZGv8tb05mMcK6mvwg0cRuca1jQ8Q== Completed in 36625ms
668 timing metavuln:cache:put:security-advisory:@typescript-eslint/parser:l8FoURi1vPdjcWzIpL7CN/UvdeIYUSGuS8fsFkUqBAqKUTagbcgg6Xz8Rre3gn17pM8SPgOMx8cT+hS24/U4Lg== Completed in 24ms
669 timing metavuln:calculate:security-advisory:@typescript-eslint/parser:Nhz0xCqWvb+VTRICJQC30ctuIxO4zAgpLCHbzLpRCtzo4N+xQCBfztfMr8ZGv8tb05mMcK6mvwg0cRuca1jQ8Q== Completed in 37242ms
670 timing metavuln:cache:get:security-advisory:eslint-config-next:9WmOIvxMSJamhcuzDdwuNGjqAh6iAfYgQLA962knzBQgL5BpJFw0E7LB3nMHBtEgFpMm3sj9h8iGcqFAZsEoGg== Completed in 2ms
671 http fetch GET 200 https://registry.npmjs.org/eslint-config-next 264ms (cache updated)
672 timing metavuln:packument:eslint-config-next Completed in 306ms
673 timing metavuln:load:security-advisory:eslint-config-next:l8FoURi1vPdjcWzIpL7CN/UvdeIYUSGuS8fsFkUqBAqKUTagbcgg6Xz8Rre3gn17pM8SPgOMx8cT+hS24/U4Lg== Completed in 273ms
674 timing metavuln:cache:put:security-advisory:eslint-config-next:9WmOIvxMSJamhcuzDdwuNGjqAh6iAfYgQLA962knzBQgL5BpJFw0E7LB3nMHBtEgFpMm3sj9h8iGcqFAZsEoGg== Completed in 17ms
675 timing metavuln:calculate:security-advisory:eslint-config-next:l8FoURi1vPdjcWzIpL7CN/UvdeIYUSGuS8fsFkUqBAqKUTagbcgg6Xz8Rre3gn17pM8SPgOMx8cT+hS24/U4Lg== Completed in 597ms
676 timing auditReport:init Completed in 52146ms
677 timing reify:audit Completed in 52691ms
678 timing reifyNode:node_modules/lucide-react Completed in 53994ms
679 timing reifyNode:node_modules/@next/swc-darwin-x64 Completed in 54087ms
680 timing reifyNode:node_modules/date-fns Completed in 54738ms
681 warn cleanup Failed to remove some directories [
681 warn cleanup   [
681 warn cleanup     undefined,
681 warn cleanup     TypeError [ERR_INVALID_ARG_TYPE]: The "path" argument must be of type string or an instance of Buffer or URL. Received undefined
681 warn cleanup         at rm (node:internal/fs/promises:679:38)
681 warn cleanup         at /usr/local/Cellar/node@18/18.16.0/lib/node_modules/npm/node_modules/@npmcli/arborist/lib/arborist/reify.js:553:20
681 warn cleanup         at Array.map (<anonymous>)
681 warn cleanup         at [rollbackCreateSparseTree] (/usr/local/Cellar/node@18/18.16.0/lib/node_modules/npm/node_modules/@npmcli/arborist/lib/arborist/reify.js:553:8)
681 warn cleanup         at [reifyPackages] (/usr/local/Cellar/node@18/18.16.0/lib/node_modules/npm/node_modules/@npmcli/arborist/lib/arborist/reify.js:256:31)
681 warn cleanup         at process.processTicksAndRejections (node:internal/process/task_queues:95:5)
681 warn cleanup         at async Arborist.reify (/usr/local/Cellar/node@18/18.16.0/lib/node_modules/npm/node_modules/@npmcli/arborist/lib/arborist/reify.js:170:5)
681 warn cleanup         at async Install.exec (/usr/local/Cellar/node@18/18.16.0/lib/node_modules/npm/lib/commands/install.js:146:5)
681 warn cleanup         at async module.exports (/usr/local/Cellar/node@18/18.16.0/lib/node_modules/npm/lib/cli.js:134:5) {
681 warn cleanup       code: 'ERR_INVALID_ARG_TYPE'
681 warn cleanup     }
681 warn cleanup   ]
681 warn cleanup ]
682 timing reify:rollback:createSparse Completed in 198ms
683 timing reify:rollback:retireShallow Completed in 0ms
684 timing command:install Completed in 55750ms
685 notice
685 notice New [31mmajor[39m version of npm available! [31m9.5.1[39m -> [32m11.11.0[39m
685 notice Changelog: [36mhttps://github.com/npm/cli/releases/tag/v11.11.0[39m
685 notice Run [32mnpm install -g npm@11.11.0[39m to update!
685 notice
686 verbose stack Error: EPERM: operation not permitted, lstat '/Users/edmondebeid/Development/GolfApp/node_modules/yargs/build'
687 verbose cwd /Users/edmondebeid/Development/GolfApp
688 verbose Darwin 25.3.0
689 verbose node v18.16.0
690 verbose npm  v9.5.1
691 error code EPERM
692 error syscall lstat
693 error path /Users/edmondebeid/Development/GolfApp/node_modules/yargs/build
694 error errno -1
695 error [Error: EPERM: operation not permitted, lstat '/Users/edmondebeid/Development/GolfApp/node_modules/yargs/build'] {
695 error   errno: -1,
695 error   code: 'EPERM',
695 error   syscall: 'lstat',
695 error   path: '/Users/edmondebeid/Development/GolfApp/node_modules/yargs/build'
695 error }
696 error
696 error The operation was rejected by your operating system.
696 error It is likely you do not have the permissions to access this file as the current user
696 error
696 error If you believe this might be a permissions issue, please double-check the
696 error permissions of the file and its containing directories, or try running
696 error the command again as root/Administrator.
697 verbose exit -1
698 timing npm Completed in 55816ms
699 verbose unfinished npm timer reify 1772426877733
700 verbose unfinished npm timer reify:unpack 1772426878511
701 verbose unfinished npm timer reifyNode:node_modules/yargs 1772426878512
702 verbose unfinished npm timer reifyNode:node_modules/resolve 1772426878520
703 verbose unfinished npm timer reifyNode:node_modules/prisma 1772426878521
704 verbose unfinished npm timer reifyNode:node_modules/pngjs 1772426878522
705 verbose unfinished npm timer reifyNode:node_modules/next 1772426878525
706 verbose unfinished npm timer reifyNode:node_modules/fast-glob 1772426878534
707 verbose unfinished npm timer reifyNode:node_modules/eslint-plugin-react/node_modules/resolve 1772426878536
708 verbose unfinished npm timer reifyNode:node_modules/@nodelib/fs.walk 1772426878548
709 verbose unfinished npm timer reifyNode:node_modules/@nodelib/fs.stat 1772426878548
710 verbose unfinished npm timer reifyNode:node_modules/@nodelib/fs.scandir 1772426878548
711 verbose code -1
712 error A complete log of this run can be found in:
712 error     /Users/edmondebeid/Development/GolfApp/.npm_cache_temp/_logs/2026-03-02T04_47_57_670Z-debug-0.log
