0 verbose cli /usr/local/Cellar/node@18/18.16.0/bin/node /usr/local/Cellar/node@18/18.16.0/lib/node_modules/npm/bin/npm-cli.js
1 info using npm@9.5.1
2 info using node@v18.16.0
3 timing npm:load:whichnode Completed in 1ms
4 timing config:load:defaults Completed in 2ms
5 timing config:load:file:/usr/local/Cellar/node@18/18.16.0/lib/node_modules/npm/npmrc Completed in 2ms
6 timing config:load:builtin Completed in 2ms
7 timing config:load:cli Completed in 2ms
8 timing config:load:env Completed in 0ms
9 timing config:load:file:/Users/edmondebeid/Development/GolfApp/.npmrc Completed in 0ms
10 timing config:load:project Completed in 3ms
11 timing config:load:file:/Users/edmondebeid/.npmrc Completed in 0ms
12 timing config:load:user Completed in 0ms
13 timing config:load:file:/usr/local/etc/npmrc Completed in 1ms
14 timing config:load:global Completed in 1ms
15 timing config:load:setEnvs Completed in 1ms
16 timing config:load Completed in 12ms
17 timing npm:load:configload Completed in 12ms
18 timing npm:load:mkdirpcache Completed in 0ms
19 timing npm:load:mkdirplogs Completed in 0ms
20 verbose title npm exec prisma db push
21 verbose argv "exec" "--cache" ".npm_cache_temp" "--" "prisma" "db" "push"
22 timing npm:load:setTitle Completed in 12ms
23 timing config:load:flatten Completed in 5ms
24 timing npm:load:display Completed in 6ms
25 verbose logfile logs-max:10 dir:/Users/edmondebeid/Development/GolfApp/.npm_cache_temp/_logs/2026-03-02T04_50_02_813Z-
26 verbose logfile /Users/edmondebeid/Development/GolfApp/.npm_cache_temp/_logs/2026-03-02T04_50_02_813Z-debug-0.log
27 timing npm:load:logFile Completed in 7ms
28 timing npm:load:timers Completed in 0ms
29 timing npm:load:configScope Completed in 0ms
30 timing npm:load Completed in 40ms
31 silly logfile done cleaning log files
32 timing arborist:ctor Completed in 1ms
33 verbose shrinkwrap failed to load node_modules/.package-lock.json [Error: EPERM: operation not permitted, stat '/Users/edmondebeid/Development/GolfApp/node_modules'] {
33 verbose shrinkwrap   errno: -1,
33 verbose shrinkwrap   code: 'EPERM',
33 verbose shrinkwrap   syscall: 'stat',
33 verbose shrinkwrap   path: '/Users/edmondebeid/Development/GolfApp/node_modules'
33 verbose shrinkwrap }
34 http fetch GET 200 https://registry.npmjs.org/prisma 231ms (cache revalidated)
35 timing arborist:ctor Completed in 0ms
36 timing arborist:ctor Completed in 0ms
37 timing arborist:ctor Completed in 1ms
38 timing idealTree:init Completed in 5ms
39 timing idealTree:userRequests Completed in 1ms
40 silly idealTree buildDeps
41 silly fetch manifest prisma@7.4.2
42 http fetch GET 200 https://registry.npmjs.org/prisma 73ms (cache hit)
43 silly fetch manifest better-sqlite3@>=9.0.0
44 http fetch GET 200 https://registry.npmjs.org/better-sqlite3 79ms (cache miss)
45 silly fetch manifest typescript@>=5.4.0
46 http fetch GET 200 https://registry.npmjs.org/typescript 27ms (cache hit)
47 silly placeDep ROOT prisma@7.4.2 OK for:  want: 7.4.2
48 silly fetch manifest @prisma/dev@0.20.0
49 silly fetch manifest @prisma/studio-core@0.13.1
50 silly fetch manifest mysql2@3.15.3
51 silly fetch manifest postgres@3.4.7
52 silly fetch manifest @prisma/config@7.4.2
53 silly fetch manifest @prisma/engines@7.4.2
54 http fetch GET 200 https://registry.npmjs.org/@prisma%2fengines 55ms (cache hit)
55 http fetch GET 200 https://registry.npmjs.org/@prisma%2fdev 184ms (cache miss)
56 http fetch GET 200 https://registry.npmjs.org/postgres 225ms (cache miss)
57 http fetch GET 200 https://registry.npmjs.org/mysql2 238ms (cache miss)
58 http fetch GET 200 https://registry.npmjs.org/@prisma%2fconfig 262ms (cache miss)
59 http fetch GET 200 https://registry.npmjs.org/@prisma%2fstudio-core 292ms (cache miss)
60 timing idealTree:#root Completed in 833ms
61 silly fetch manifest @types/react@^18.0.0 || ^19.0.0
62 http fetch GET 200 https://registry.npmjs.org/@types%2freact 75ms (cache miss)
63 silly fetch manifest react@^18.0.0 || ^19.0.0
64 http fetch GET 200 https://registry.npmjs.org/react 11ms (cache hit)
65 silly fetch manifest react-dom@^18.0.0 || ^19.0.0
66 http fetch GET 200 https://registry.npmjs.org/react-dom 13ms (cache hit)
67 silly placeDep ROOT @prisma/config@7.4.2 OK for: prisma@7.4.2 want: 7.4.2
68 silly placeDep ROOT @prisma/dev@0.20.0 OK for: prisma@7.4.2 want: 0.20.0
69 silly placeDep ROOT @prisma/engines@7.4.2 OK for: prisma@7.4.2 want: 7.4.2
70 silly placeDep ROOT @prisma/studio-core@0.13.1 OK for: prisma@7.4.2 want: 0.13.1
71 silly placeDep ROOT react@19.2.4 OK for: @prisma/studio-core@0.13.1 want: ^18.0.0 || ^19.0.0
72 silly placeDep ROOT react-dom@19.2.4 OK for: @prisma/studio-core@0.13.1 want: ^18.0.0 || ^19.0.0
73 silly placeDep ROOT @types/react@19.2.14 OK for: @prisma/studio-core@0.13.1 want: ^18.0.0 || ^19.0.0
74 silly placeDep ROOT mysql2@3.15.3 OK for: prisma@7.4.2 want: 3.15.3
75 silly placeDep ROOT postgres@3.4.7 OK for: prisma@7.4.2 want: 3.4.7
76 silly fetch manifest c12@3.1.0
77 silly fetch manifest deepmerge-ts@7.1.5
78 silly fetch manifest effect@3.18.4
79 silly fetch manifest empathic@2.0.0
80 silly fetch manifest hono@4.11.4
81 silly fetch manifest pathe@2.0.3
82 silly fetch manifest remeda@2.33.4
83 silly fetch manifest std-env@3.10.0
84 silly fetch manifest valibot@1.2.0
85 silly fetch manifest zeptomatch@2.1.0
86 silly fetch manifest get-port-please@3.2.0
87 silly fetch manifest proper-lockfile@4.1.2
88 silly fetch manifest foreground-child@3.3.1
89 silly fetch manifest @hono/node-server@1.19.9
90 silly fetch manifest http-status-codes@2.3.0
91 silly fetch manifest @mrleebo/prisma-ast@0.13.1
92 silly fetch manifest @electric-sql/pglite@0.3.15
93 silly fetch manifest @prisma/get-platform@7.2.0
94 silly fetch manifest @electric-sql/pglite-tools@0.2.20
95 silly fetch manifest @electric-sql/pglite-socket@0.0.20
96 silly fetch manifest @prisma/query-plan-executor@7.2.0
97 silly fetch manifest @prisma/engines-version@7.5.0-10.94a226be1cf2967af2541cca5529f0f7ba866919
98 silly fetch manifest @prisma/debug@7.4.2
99 silly fetch manifest @prisma/fetch-engine@7.4.2
100 silly fetch manifest @prisma/get-platform@7.4.2
101 silly fetch manifest csstype@^3.2.2
102 silly fetch manifest scheduler@^0.27.0
103 silly fetch manifest long@^5.2.1
104 silly fetch manifest denque@^2.1.0
105 silly fetch manifest lru.min@^1.0.0
106 silly fetch manifest seq-queue@^0.0.5
107 silly fetch manifest sqlstring@^2.3.2
108 silly fetch manifest iconv-lite@^0.7.0
109 silly fetch manifest aws-ssl-profiles@^1.1.1
110 silly fetch manifest generate-function@^2.3.1
111 silly fetch manifest named-placeholders@^1.1.3
112 http fetch GET 200 https://registry.npmjs.org/@prisma%2fengines-version 121ms (cache hit)
113 http fetch GET 200 https://registry.npmjs.org/scheduler 176ms (cache hit)
114 http fetch GET 200 https://registry.npmjs.org/@prisma%2fdebug 229ms (cache hit)
115 http fetch GET 200 https://registry.npmjs.org/@prisma%2ffetch-engine 377ms (cache hit)
116 http fetch GET 200 https://registry.npmjs.org/@prisma%2fget-platform 571ms (cache hit)
117 http fetch GET 200 https://registry.npmjs.org/empathic 701ms (cache miss)
118 http fetch GET 200 https://registry.npmjs.org/@prisma%2fget-platform 755ms (cache hit)
119 http fetch GET 200 https://registry.npmjs.org/c12 964ms (cache miss)
120 http fetch GET 200 https://registry.npmjs.org/deepmerge-ts 973ms (cache miss)
121 http fetch GET 200 https://registry.npmjs.org/@electric-sql%2fpglite-tools 982ms (cache miss)
122 http fetch GET 200 https://registry.npmjs.org/long 974ms (cache miss)
123 http fetch GET 200 https://registry.npmjs.org/seq-queue 973ms (cache miss)
124 http fetch GET 200 https://registry.npmjs.org/named-placeholders 965ms (cache miss)
125 http fetch GET 200 https://registry.npmjs.org/@mrleebo%2fprisma-ast 992ms (cache miss)
126 http fetch GET 200 https://registry.npmjs.org/@electric-sql%2fpglite-socket 990ms (cache miss)
127 http fetch GET 200 https://registry.npmjs.org/zeptomatch 1000ms (cache miss)
128 http fetch GET 200 https://registry.npmjs.org/sqlstring 977ms (cache miss)
129 http fetch GET 200 https://registry.npmjs.org/aws-ssl-profiles 976ms (cache miss)
130 http fetch GET 200 https://registry.npmjs.org/@electric-sql%2fpglite 998ms (cache miss)
131 http fetch GET 200 https://registry.npmjs.org/lru.min 984ms (cache miss)
132 http fetch GET 200 https://registry.npmjs.org/effect 1009ms (cache miss)
133 http fetch GET 200 https://registry.npmjs.org/generate-function 983ms (cache miss)
134 http fetch GET 200 https://registry.npmjs.org/foreground-child 1010ms (cache miss)
135 http fetch GET 200 https://registry.npmjs.org/proper-lockfile 1013ms (cache miss)
136 http fetch GET 200 https://registry.npmjs.org/get-port-please 1017ms (cache miss)
137 http fetch GET 200 https://registry.npmjs.org/pathe 1022ms (cache miss)
138 http fetch GET 200 https://registry.npmjs.org/denque 1000ms (cache miss)
139 http fetch GET 200 https://registry.npmjs.org/std-env 1025ms (cache miss)
140 http fetch GET 200 https://registry.npmjs.org/valibot 1026ms (cache miss)
141 http fetch GET 200 https://registry.npmjs.org/iconv-lite 1003ms (cache miss)
142 http fetch GET 200 https://registry.npmjs.org/@hono%2fnode-server 1026ms (cache miss)
143 http fetch GET 200 https://registry.npmjs.org/http-status-codes 1027ms (cache miss)
144 http fetch GET 200 https://registry.npmjs.org/hono 1039ms (cache miss)
145 http fetch GET 200 https://registry.npmjs.org/csstype 1029ms (cache miss)
146 http fetch GET 200 https://registry.npmjs.org/@prisma%2fquery-plan-executor 1038ms (cache miss)
147 http fetch GET 200 https://registry.npmjs.org/remeda 1055ms (cache miss)
148 timing idealTree:node_modules/prisma Completed in 1245ms
149 silly fetch manifest magicast@^0.3.5
150 http fetch GET 200 https://registry.npmjs.org/magicast 58ms (cache miss)
151 silly placeDep ROOT c12@3.1.0 OK for: @prisma/config@7.4.2 want: 3.1.0
152 silly placeDep ROOT deepmerge-ts@7.1.5 OK for: @prisma/config@7.4.2 want: 7.1.5
153 silly placeDep ROOT effect@3.18.4 OK for: @prisma/config@7.4.2 want: 3.18.4
154 silly placeDep ROOT empathic@2.0.0 OK for: @prisma/config@7.4.2 want: 2.0.0
155 silly fetch manifest rc9@^2.1.2
156 silly fetch manifest defu@^6.1.4
157 silly fetch manifest jiti@^2.4.2
158 silly fetch manifest giget@^2.0.0
159 silly fetch manifest ohash@^2.0.11
160 silly fetch manifest pathe@^2.0.3
161 silly fetch manifest dotenv@^16.6.1
162 silly fetch manifest confbox@^0.2.2
163 silly fetch manifest exsolve@^1.0.7
164 silly fetch manifest chokidar@^4.0.3
165 silly fetch manifest pkg-types@^2.2.0
166 silly fetch manifest perfect-debounce@^1.0.0
167 silly fetch manifest fast-check@^3.23.1
168 silly fetch manifest @standard-schema/spec@^1.0.0
169 http fetch GET 200 https://registry.npmjs.org/jiti 26ms (cache hit)
170 http fetch GET 200 https://registry.npmjs.org/ohash 74ms (cache miss)
171 http fetch GET 200 https://registry.npmjs.org/pkg-types 70ms (cache miss)
172 http fetch GET 200 https://registry.npmjs.org/exsolve 74ms (cache miss)
173 http fetch GET 200 https://registry.npmjs.org/confbox 76ms (cache miss)
174 http fetch GET 200 https://registry.npmjs.org/perfect-debounce 74ms (cache miss)
175 http fetch GET 200 https://registry.npmjs.org/rc9 84ms (cache miss)
176 http fetch GET 200 https://registry.npmjs.org/giget 88ms (cache miss)
177 http fetch GET 200 https://registry.npmjs.org/chokidar 87ms (cache miss)
178 http fetch GET 200 https://registry.npmjs.org/dotenv 94ms (cache miss)
179 http fetch GET 200 https://registry.npmjs.org/@standard-schema%2fspec 90ms (cache miss)
180 http fetch GET 200 https://registry.npmjs.org/defu 101ms (cache miss)
181 http fetch GET 200 https://registry.npmjs.org/fast-check 98ms (cache miss)
182 timing idealTree:node_modules/@prisma/config Completed in 183ms
183 silly fetch manifest typescript@>=5
184 silly placeDep ROOT @electric-sql/pglite@0.3.15 OK for: @prisma/dev@0.20.0 want: 0.3.15
185 silly placeDep ROOT @electric-sql/pglite-socket@0.0.20 OK for: @prisma/dev@0.20.0 want: 0.0.20
186 silly placeDep ROOT @electric-sql/pglite-tools@0.2.20 OK for: @prisma/dev@0.20.0 want: 0.2.20
187 silly placeDep ROOT @hono/node-server@1.19.9 OK for: @prisma/dev@0.20.0 want: 1.19.9
188 silly placeDep ROOT hono@4.11.4 OK for: @hono/node-server@1.19.9 want: ^4
189 silly placeDep ROOT @mrleebo/prisma-ast@0.13.1 OK for: @prisma/dev@0.20.0 want: 0.13.1
190 silly placeDep ROOT @prisma/get-platform@7.2.0 OK for: @prisma/dev@0.20.0 want: 7.2.0
191 silly placeDep ROOT @prisma/query-plan-executor@7.2.0 OK for: @prisma/dev@0.20.0 want: 7.2.0
192 silly placeDep ROOT foreground-child@3.3.1 OK for: @prisma/dev@0.20.0 want: 3.3.1
193 silly placeDep ROOT get-port-please@3.2.0 OK for: @prisma/dev@0.20.0 want: 3.2.0
194 silly placeDep ROOT http-status-codes@2.3.0 OK for: @prisma/dev@0.20.0 want: 2.3.0
195 silly placeDep ROOT pathe@2.0.3 OK for: @prisma/dev@0.20.0 want: 2.0.3
196 silly placeDep ROOT proper-lockfile@4.1.2 OK for: @prisma/dev@0.20.0 want: 4.1.2
197 silly placeDep ROOT remeda@2.33.4 OK for: @prisma/dev@0.20.0 want: 2.33.4
198 silly placeDep ROOT std-env@3.10.0 OK for: @prisma/dev@0.20.0 want: 3.10.0
199 silly placeDep ROOT valibot@1.2.0 OK for: @prisma/dev@0.20.0 want: 1.2.0
200 silly placeDep ROOT zeptomatch@2.1.0 OK for: @prisma/dev@0.20.0 want: 2.1.0
201 silly fetch manifest lilconfig@^2.1.0
202 silly fetch manifest chevrotain@^10.5.0
203 silly fetch manifest @prisma/debug@7.2.0
204 silly fetch manifest cross-spawn@^7.0.6
205 silly fetch manifest signal-exit@^4.0.1
206 silly fetch manifest graceful-fs@^4.2.4
207 silly fetch manifest retry@^0.12.0
208 silly fetch manifest signal-exit@^3.0.2
209 silly fetch manifest grammex@^3.1.11
210 silly fetch manifest graphmatch@^1.1.0
211 http fetch GET 200 https://registry.npmjs.org/cross-spawn 16ms (cache hit)
212 http fetch GET 200 https://registry.npmjs.org/graceful-fs 16ms (cache hit)
213 http fetch GET 200 https://registry.npmjs.org/chevrotain 69ms (cache miss)
214 http fetch GET 200 https://registry.npmjs.org/signal-exit 71ms (cache miss)
215 http fetch GET 200 https://registry.npmjs.org/retry 74ms (cache miss)
216 http fetch GET 200 https://registry.npmjs.org/graphmatch 73ms (cache miss)
217 http fetch GET 200 https://registry.npmjs.org/signal-exit 78ms (cache miss)
218 http fetch GET 200 https://registry.npmjs.org/lilconfig 83ms (cache miss)
219 http fetch GET 200 https://registry.npmjs.org/grammex 118ms (cache miss)
220 timing idealTree:node_modules/@prisma/dev Completed in 159ms
221 timing idealTree:node_modules/@electric-sql/pglite Completed in 0ms
222 timing idealTree:node_modules/@electric-sql/pglite-socket Completed in 0ms
223 timing idealTree:node_modules/@electric-sql/pglite-tools Completed in 0ms
224 timing idealTree:node_modules/@hono/node-server Completed in 0ms
225 silly placeDep ROOT chevrotain@10.5.0 OK for: @mrleebo/prisma-ast@0.13.1 want: ^10.5.0
226 silly placeDep ROOT lilconfig@2.1.0 OK for: @mrleebo/prisma-ast@0.13.1 want: ^2.1.0
227 silly fetch manifest lodash@4.17.21
228 silly fetch manifest regexp-to-ast@0.5.0
229 silly fetch manifest @chevrotain/gast@10.5.0
230 silly fetch manifest @chevrotain/types@10.5.0
231 silly fetch manifest @chevrotain/utils@10.5.0
232 silly fetch manifest @chevrotain/cst-dts-gen@10.5.0
233 http fetch GET 200 https://registry.npmjs.org/regexp-to-ast 48ms (cache miss)
234 http fetch GET 200 https://registry.npmjs.org/lodash 51ms (cache miss)
235 http fetch GET 200 https://registry.npmjs.org/@chevrotain%2fgast 60ms (cache miss)
236 http fetch GET 200 https://registry.npmjs.org/@chevrotain%2ftypes 73ms (cache miss)
237 http fetch GET 200 https://registry.npmjs.org/@chevrotain%2fcst-dts-gen 73ms (cache miss)
238 http fetch GET 200 https://registry.npmjs.org/@chevrotain%2futils 89ms (cache miss)
239 timing idealTree:node_modules/@mrleebo/prisma-ast Completed in 96ms
240 silly placeDep ROOT @prisma/debug@7.4.2 OK for: @prisma/engines@7.4.2 want: 7.4.2
241 silly placeDep ROOT @prisma/engines-version@7.5.0-10.94a226be1cf2967af2541cca5529f0f7ba866919 OK for: @prisma/engines@7.4.2 want: 7.5.0-10.94a226be1cf2967af2541cca5529f0f7ba866919
242 silly placeDep ROOT @prisma/fetch-engine@7.4.2 OK for: @prisma/engines@7.4.2 want: 7.4.2
243 silly placeDep node_modules/@prisma/engines @prisma/get-platform@7.4.2 OK for: @prisma/engines@7.4.2 want: 7.4.2
244 timing idealTree:node_modules/@prisma/engines Completed in 6ms
245 timing idealTree:node_modules/@prisma/debug Completed in 0ms
246 timing idealTree:node_modules/@prisma/engines-version Completed in 0ms
247 silly placeDep node_modules/@prisma/fetch-engine @prisma/get-platform@7.4.2 OK for: @prisma/fetch-engine@7.4.2 want: 7.4.2
248 timing idealTree:node_modules/@prisma/fetch-engine Completed in 1ms
249 silly placeDep node_modules/@prisma/get-platform @prisma/debug@7.2.0 OK for: @prisma/get-platform@7.2.0 want: 7.2.0
250 timing idealTree:node_modules/@prisma/get-platform Completed in 1ms
251 timing idealTree:node_modules/@prisma/query-plan-executor Completed in 0ms
252 timing idealTree:node_modules/@prisma/studio-core Completed in 0ms
253 silly placeDep ROOT csstype@3.2.3 OK for: @types/react@19.2.14 want: ^3.2.2
254 timing idealTree:node_modules/@types/react Completed in 1ms
255 silly placeDep ROOT chokidar@4.0.3 OK for: c12@3.1.0 want: ^4.0.3
256 silly placeDep ROOT confbox@0.2.4 OK for: c12@3.1.0 want: ^0.2.2
257 silly placeDep ROOT defu@6.1.4 OK for: c12@3.1.0 want: ^6.1.4
258 silly placeDep ROOT dotenv@16.6.1 OK for: c12@3.1.0 want: ^16.6.1
259 silly placeDep ROOT exsolve@1.0.8 OK for: c12@3.1.0 want: ^1.0.7
260 silly placeDep ROOT giget@2.0.0 OK for: c12@3.1.0 want: ^2.0.0
261 silly placeDep ROOT jiti@2.6.1 OK for: c12@3.1.0 want: ^2.4.2
262 silly placeDep ROOT ohash@2.0.11 OK for: c12@3.1.0 want: ^2.0.11
263 silly placeDep ROOT perfect-debounce@1.0.0 OK for: c12@3.1.0 want: ^1.0.0
264 silly placeDep ROOT pkg-types@2.3.0 OK for: c12@3.1.0 want: ^2.2.0
265 silly placeDep ROOT rc9@2.1.2 OK for: c12@3.1.0 want: ^2.1.2
266 silly fetch manifest readdirp@^4.0.1
267 silly fetch manifest nypm@^0.6.0
268 silly fetch manifest citty@^0.1.6
269 silly fetch manifest consola@^3.4.0
270 silly fetch manifest node-fetch-native@^1.6.6
271 silly fetch manifest destr@^2.0.3
272 http fetch GET 200 https://registry.npmjs.org/node-fetch-native 54ms (cache miss)
273 http fetch GET 200 https://registry.npmjs.org/readdirp 60ms (cache miss)
274 http fetch GET 200 https://registry.npmjs.org/citty 65ms (cache miss)
275 http fetch GET 200 https://registry.npmjs.org/destr 65ms (cache miss)
276 http fetch GET 200 https://registry.npmjs.org/nypm 68ms (cache miss)
277 http fetch GET 200 https://registry.npmjs.org/consola 69ms (cache miss)
278 timing idealTree:node_modules/c12 Completed in 92ms
279 silly placeDep ROOT @chevrotain/cst-dts-gen@10.5.0 OK for: chevrotain@10.5.0 want: 10.5.0
280 silly placeDep ROOT @chevrotain/gast@10.5.0 OK for: chevrotain@10.5.0 want: 10.5.0
281 silly placeDep ROOT @chevrotain/types@10.5.0 OK for: chevrotain@10.5.0 want: 10.5.0
282 silly placeDep ROOT @chevrotain/utils@10.5.0 OK for: chevrotain@10.5.0 want: 10.5.0
283 silly placeDep ROOT lodash@4.17.21 OK for: chevrotain@10.5.0 want: 4.17.21
284 silly placeDep ROOT regexp-to-ast@0.5.0 OK for: chevrotain@10.5.0 want: 0.5.0
285 timing idealTree:node_modules/chevrotain Completed in 7ms
286 timing idealTree:node_modules/@chevrotain/cst-dts-gen Completed in 0ms
287 timing idealTree:node_modules/@chevrotain/gast Completed in 0ms
288 timing idealTree:node_modules/@chevrotain/types Completed in 0ms
289 timing idealTree:node_modules/@chevrotain/utils Completed in 0ms
290 silly placeDep ROOT readdirp@4.1.2 OK for: chokidar@4.0.3 want: ^4.0.1
291 timing idealTree:node_modules/chokidar Completed in 1ms
292 timing idealTree:node_modules/confbox Completed in 1ms
293 timing idealTree:node_modules/csstype Completed in 0ms
294 timing idealTree:node_modules/deepmerge-ts Completed in 0ms
295 timing idealTree:node_modules/defu Completed in 0ms
296 timing idealTree:node_modules/dotenv Completed in 0ms
297 silly placeDep ROOT @standard-schema/spec@1.1.0 OK for: effect@3.18.4 want: ^1.0.0
298 silly placeDep ROOT fast-check@3.23.2 OK for: effect@3.18.4 want: ^3.23.1
299 silly fetch manifest pure-rand@^6.1.0
300 http fetch GET 200 https://registry.npmjs.org/pure-rand 44ms (cache miss)
301 timing idealTree:node_modules/effect Completed in 51ms
302 timing idealTree:node_modules/@standard-schema/spec Completed in 0ms
303 timing idealTree:node_modules/empathic Completed in 0ms
304 timing idealTree:node_modules/exsolve Completed in 0ms
305 silly placeDep ROOT pure-rand@6.1.0 OK for: fast-check@3.23.2 want: ^6.1.0
306 timing idealTree:node_modules/fast-check Completed in 3ms
307 silly placeDep ROOT cross-spawn@7.0.6 OK for: foreground-child@3.3.1 want: ^7.0.6
308 silly placeDep ROOT signal-exit@4.1.0 OK for: foreground-child@3.3.1 want: ^4.0.1
309 silly fetch manifest which@^2.0.1
310 silly fetch manifest path-key@^3.1.0
311 silly fetch manifest shebang-command@^2.0.0
312 http fetch GET 200 https://registry.npmjs.org/which 9ms (cache hit)
313 http fetch GET 200 https://registry.npmjs.org/shebang-command 9ms (cache hit)
314 http fetch GET 200 https://registry.npmjs.org/path-key 9ms (cache hit)
315 timing idealTree:node_modules/foreground-child Completed in 17ms
316 silly placeDep ROOT path-key@3.1.1 OK for: cross-spawn@7.0.6 want: ^3.1.0
317 silly placeDep ROOT shebang-command@2.0.0 OK for: cross-spawn@7.0.6 want: ^2.0.0
318 silly placeDep ROOT which@2.0.2 OK for: cross-spawn@7.0.6 want: ^2.0.1
319 silly fetch manifest shebang-regex@^3.0.0
320 silly fetch manifest isexe@^2.0.0
321 http fetch GET 200 https://registry.npmjs.org/isexe 6ms (cache hit)
322 http fetch GET 200 https://registry.npmjs.org/shebang-regex 7ms (cache hit)
323 timing idealTree:node_modules/cross-spawn Completed in 12ms
324 timing idealTree:node_modules/get-port-please Completed in 0ms
325 silly placeDep ROOT citty@0.1.6 OK for: giget@2.0.0 want: ^0.1.6
326 silly placeDep ROOT consola@3.4.2 OK for: giget@2.0.0 want: ^3.4.0
327 silly placeDep ROOT node-fetch-native@1.6.7 OK for: giget@2.0.0 want: ^1.6.6
328 silly placeDep ROOT nypm@0.6.5 OK for: giget@2.0.0 want: ^0.6.0
329 silly fetch manifest citty@^0.2.0
330 silly fetch manifest tinyexec@^1.0.2
331 http fetch GET 200 https://registry.npmjs.org/tinyexec 54ms (cache miss)
332 timing idealTree:node_modules/giget Completed in 60ms
333 timing idealTree:node_modules/citty Completed in 0ms
334 timing idealTree:node_modules/consola Completed in 0ms
335 timing idealTree:node_modules/hono Completed in 0ms
336 timing idealTree:node_modules/http-status-codes Completed in 0ms
337 timing idealTree:node_modules/jiti Completed in 0ms
338 timing idealTree:node_modules/lilconfig Completed in 0ms
339 timing idealTree:node_modules/lodash Completed in 0ms
340 silly placeDep ROOT aws-ssl-profiles@1.1.2 OK for: mysql2@3.15.3 want: ^1.1.1
341 silly placeDep ROOT denque@2.1.0 OK for: mysql2@3.15.3 want: ^2.1.0
342 silly placeDep ROOT generate-function@2.3.1 OK for: mysql2@3.15.3 want: ^2.3.1
343 silly placeDep ROOT iconv-lite@0.7.2 OK for: mysql2@3.15.3 want: ^0.7.0
344 silly placeDep ROOT long@5.3.2 OK for: mysql2@3.15.3 want: ^5.2.1
345 silly placeDep ROOT lru.min@1.1.4 OK for: mysql2@3.15.3 want: ^1.0.0
346 silly placeDep ROOT named-placeholders@1.1.6 OK for: mysql2@3.15.3 want: ^1.1.3
347 silly placeDep ROOT seq-queue@0.0.5 OK for: mysql2@3.15.3 want: ^0.0.5
348 silly placeDep ROOT sqlstring@2.3.3 OK for: mysql2@3.15.3 want: ^2.3.2
349 silly fetch manifest is-property@^1.0.2
350 silly fetch manifest safer-buffer@>= 2.1.2 < 3.0.0
351 http fetch GET 200 https://registry.npmjs.org/safer-buffer 46ms (cache miss)
352 http fetch GET 200 https://registry.npmjs.org/is-property 53ms (cache miss)
353 timing idealTree:node_modules/mysql2 Completed in 69ms
354 timing idealTree:node_modules/aws-ssl-profiles Completed in 0ms
355 timing idealTree:node_modules/denque Completed in 0ms
356 silly placeDep ROOT is-property@1.0.2 OK for: generate-function@2.3.1 want: ^1.0.2
357 timing idealTree:node_modules/generate-function Completed in 1ms
358 silly placeDep ROOT safer-buffer@2.1.2 OK for: iconv-lite@0.7.2 want: >= 2.1.2 < 3.0.0
359 timing idealTree:node_modules/iconv-lite Completed in 1ms
360 timing idealTree:node_modules/is-property Completed in 0ms
361 timing idealTree:node_modules/long Completed in 0ms
362 timing idealTree:node_modules/lru.min Completed in 0ms
363 timing idealTree:node_modules/named-placeholders Completed in 0ms
364 timing idealTree:node_modules/node-fetch-native Completed in 0ms
365 silly placeDep node_modules/nypm citty@0.2.1 OK for: nypm@0.6.5 want: ^0.2.0
366 silly placeDep ROOT tinyexec@1.0.2 OK for: nypm@0.6.5 want: ^1.0.2
367 timing idealTree:node_modules/nypm Completed in 2ms
368 timing idealTree:node_modules/ohash Completed in 0ms
369 timing idealTree:node_modules/path-key Completed in 0ms
370 timing idealTree:node_modules/pathe Completed in 0ms
371 timing idealTree:node_modules/perfect-debounce Completed in 0ms
372 timing idealTree:node_modules/pkg-types Completed in 0ms
373 timing idealTree:node_modules/postgres Completed in 0ms
374 silly placeDep ROOT graceful-fs@4.2.11 OK for: proper-lockfile@4.1.2 want: ^4.2.4
375 silly placeDep ROOT retry@0.12.0 OK for: proper-lockfile@4.1.2 want: ^0.12.0
376 silly placeDep node_modules/proper-lockfile signal-exit@3.0.7 OK for: proper-lockfile@4.1.2 want: ^3.0.2
377 timing idealTree:node_modules/proper-lockfile Completed in 4ms
378 timing idealTree:node_modules/graceful-fs Completed in 0ms
379 timing idealTree:node_modules/pure-rand Completed in 0ms
380 silly placeDep ROOT destr@2.0.5 OK for: rc9@2.1.2 want: ^2.0.3
381 timing idealTree:node_modules/rc9 Completed in 1ms
382 timing idealTree:node_modules/destr Completed in 0ms
383 timing idealTree:node_modules/react Completed in 0ms
384 silly placeDep ROOT scheduler@0.27.0 OK for: react-dom@19.2.4 want: ^0.27.0
385 timing idealTree:node_modules/react-dom Completed in 2ms
386 timing idealTree:node_modules/readdirp Completed in 0ms
387 timing idealTree:node_modules/regexp-to-ast Completed in 0ms
388 timing idealTree:node_modules/remeda Completed in 0ms
389 timing idealTree:node_modules/retry Completed in 0ms
390 timing idealTree:node_modules/safer-buffer Completed in 0ms
391 timing idealTree:node_modules/scheduler Completed in 0ms
392 timing idealTree:node_modules/seq-queue Completed in 0ms
393 silly placeDep ROOT shebang-regex@3.0.0 OK for: shebang-command@2.0.0 want: ^3.0.0
394 timing idealTree:node_modules/shebang-command Completed in 1ms
395 timing idealTree:node_modules/shebang-regex Completed in 0ms
396 timing idealTree:node_modules/signal-exit Completed in 0ms
397 timing idealTree:node_modules/sqlstring Completed in 0ms
398 timing idealTree:node_modules/std-env Completed in 0ms
399 timing idealTree:node_modules/tinyexec Completed in 0ms
400 timing idealTree:node_modules/valibot Completed in 0ms
401 silly placeDep ROOT isexe@2.0.0 OK for: which@2.0.2 want: ^2.0.0
402 timing idealTree:node_modules/which Completed in 2ms
403 timing idealTree:node_modules/isexe Completed in 0ms
404 silly placeDep ROOT grammex@3.1.12 OK for: zeptomatch@2.1.0 want: ^3.1.11
405 silly placeDep ROOT graphmatch@1.1.1 OK for: zeptomatch@2.1.0 want: ^1.1.0
406 timing idealTree:node_modules/zeptomatch Completed in 2ms
407 timing idealTree:node_modules/grammex Completed in 0ms
408 timing idealTree:node_modules/graphmatch Completed in 0ms
409 timing idealTree:node_modules/@prisma/engines/node_modules/@prisma/get-platform Completed in 0ms
410 timing idealTree:node_modules/@prisma/fetch-engine/node_modules/@prisma/get-platform Completed in 0ms
411 timing idealTree:node_modules/@prisma/get-platform/node_modules/@prisma/debug Completed in 0ms
412 timing idealTree:node_modules/nypm/node_modules/citty Completed in 0ms
413 timing idealTree:node_modules/proper-lockfile/node_modules/signal-exit Completed in 0ms
414 timing idealTree:buildDeps Completed in 2869ms
415 timing idealTree:fixDepFlags Completed in 1ms
416 warn EBADENGINE Unsupported engine {
416 warn EBADENGINE   package: 'prisma@7.4.2',
416 warn EBADENGINE   required: { node: '^20.19 || ^22.12 || >=24.0' },
416 warn EBADENGINE   current: { node: 'v18.16.0', npm: '9.5.1' }
416 warn EBADENGINE }
417 timing idealTree Completed in 2883ms
418 timing reify:loadTrees Completed in 2884ms
419 timing reify:diffTrees Completed in 3ms
420 silly reify moves {}
421 timing reify:retireShallow Completed in 0ms
422 timing reify:rollback:createSparse Completed in 1ms
423 timing reify:rollback:retireShallow Completed in 0ms
424 timing command:exec Completed in 14822ms
425 verbose stack Error: EPERM: operation not permitted, mkdir '/Users/edmondebeid/Development/GolfApp/.npm_cache_temp/_npx/2778af9cee32ff87/node_modules'
426 verbose cwd /Users/edmondebeid/Development/GolfApp
427 verbose Darwin 25.3.0
428 verbose node v18.16.0
429 verbose npm  v9.5.1
430 error code EPERM
431 error syscall mkdir
432 error path /Users/edmondebeid/Development/GolfApp/.npm_cache_temp/_npx/2778af9cee32ff87/node_modules
433 error errno -1
434 verbose Error: EPERM: operation not permitted, mkdir '/Users/edmondebeid/Development/GolfApp/.npm_cache_temp/_npx/2778af9cee32ff87/node_modules'
435 error
435 error Your cache folder contains root-owned files, due to a bug in
435 error previous versions of npm which has since been addressed.
435 error
435 error To permanently fix this problem, please run:
435 error   sudo chown -R 501:20 "/Users/edmondebeid/Development/GolfApp/.npm_cache_temp"
436 verbose exit -1
437 timing npm Completed in 14883ms
438 verbose unfinished npm timer reify 1772427014791
439 verbose unfinished npm timer reify:createSparse 1772427017680
440 verbose code -1
441 error A complete log of this run can be found in:
441 error     /Users/edmondebeid/Development/GolfApp/.npm_cache_temp/_logs/2026-03-02T04_50_02_813Z-debug-0.log
